 MPINFO::: Global Communicator        :::
 MPINFO::: Global Context =    0      :::
 MPINFO::: Global Size =      60      :::
 MPINFO::: Global Root =       0      :::
 MPINFO::: Global Rank =       0      :::
 version 2.68: slics foundation version
 ========================================================================
    Program: SEQQUEST - LCAO-PS-DFT electronic structure code
    Version:  2.68e     Last revised: 29Mar20-PAS
    Copyright 2007 Sandia Corporation.

    Written by Peter A. Schultz (Sandia National Laboratories)
    Based on a code originally written by Peter J. Feibelman

    Documentation:  http://www.cs.sandia.gov/~paschul/Quest/
               and  http://dft.sandia.gov/Quest/
    Questions, comments to:  paschul@sandia.gov
 ========================================================================
  Maximum dimension parameters for this run are:
  
   maxwkd (r8 workspace)   = 220000000
   maxr1d (grid dimension) =       600
  
   norbd (basis fcns) =      8500
   natmd (atoms)      =       650     ntypd (atom types) =         7
   nshld (shell/atm)  =         7     noad  (bf/atm)     =        21
   nald  (gauss/shell)=         6     nrd   (rad pts/atm)=       200
   nkd   (kpts/ibz)   =      2000     nsymd (sym/group)  =        48
   nimgd (NEB images) =        12
  
   nlatd (lattice images)=      2000
   neq3d (do not ask) =        14
   Default record length (r8) for i/o=   1000000
 ------------------------------------------------------------------------

 Before input     +    1.52 =       1.5 seconds wall (    0.33 usr    0.36 sys)
  
##### Run options:
 do setup                                                                        
 do iters                                                                        
 do force                                                                        
 do relax                                                                        
 do neb                                                                          
 setup data                                                                      
 >>>>> Options (set/scf/frc/relax/cell/neb/md)= T T T T F T F
 >>>>> use blas3= T
 >>>>> split basis = T
 >>>>> Output level set =           2
 >>>> do_bands, do_optic, do_nonscf= F F F
setup data:
functional
 PBE-SP
spin polarization
   2.00000000
 vdw_potential type, default=OFF 
   OFF   
dimension of system (0=cluster ... 3=bulk)
  0
 coordinates given in (lattice,cartesian):
  cartesian
 scalep: scale factor for problem
   1.00000000
 scalez factor: scale z-direction
   1.00000000
primitive lattice vectors
  55.00000000  0.00000000  0.00000000
   0.00000000 45.00000000  0.00000000
   0.00000000  0.00000000 50.00000000
 > Input Cell volume{bohr^3)=   123750.000000
grid dimensions
  184 150 167
 nearby option: 0=0,1=pt,2=wt
  2
atom types
  4
atom file
 O = O.atm
>>>>> atom type name=O           
type number, label:
  1 O                      
notes6
 notes for this atom file:
 Constructed by Peter A. Schultz, 17-January-2007
 Troullier/Martins-type ppot [N.Troullier,J.L.Martins, PRB 43,8861(1991)]
 generated by fhi98PP [M.Fuchs,M.Scheffler, Comput.Phys.Commun. 119,67(1999)]
 ppot: [He-core]s2p4, l=1; Rs=1.15, Rp=1.15
   NB: a middlin' hard T-M potential, without partial core correction
 basis: refined in H2O
mass
   1.59994000D+01
energy = E(H2O) - E(H2)
  -3.20919400D+01
effective nuclear charge (s2p4 to  9.0)
   6.00000000D+00
pseudopotentials: Lmax, and effective gaussian range
  1   5.87000000
functional type used in generating potential:
 PBE    = dft fcnal used to generate pot
radial mesh: number of points for local and non-local pot integrals
  80  59
mesh points for nuclear potential;  tm91fh
      0.01666667  0.01804829  0.01954444  0.02116462  0.02291911  0.02481905
      0.02687648  0.02910446  0.03151714  0.03412983  0.03695910  0.04002291
      0.04334070  0.04693352  0.05082419  0.05503737  0.05959982  0.06454048
      0.06989072  0.07568447  0.08195850  0.08875264  0.09610999  0.10407725
      0.11270497  0.12204790  0.13216534  0.14312149  0.15498587  0.16783378
      0.18174674  0.19681305  0.21312832  0.23079608  0.24992845  0.27064683
      0.29308272  0.31737848  0.34368829  0.37217912  0.40303175  0.43644199
      0.47262184  0.51180091  0.55422781  0.60017179  0.64992440  0.70380136
      0.76214458  0.82532429  0.89374143  0.96783016  1.04806065  1.13494203
      1.22902564  1.33090852  1.44123721  1.56071186  1.69009063  1.83019454
      1.98191269  2.14620786  2.32412265  2.51678610  2.72542082  2.95135079
      3.19600974  3.46095025  3.74785362  4.05854048  4.39498245  4.75931454
      5.15384877  5.58108881  6.04374589  6.54475598  7.08729845  7.67481621
      8.31103759  9.00000000
radwts: weights for radial points
      0.00132734  0.00143737  0.00155652  0.00168555  0.00182528  0.00197659
      0.00214045  0.00231788  0.00251003  0.00271810  0.00294343  0.00318743
      0.00345166  0.00373779  0.00404764  0.00438318  0.00474654  0.00514001
      0.00556610  0.00602752  0.00652718  0.00706827  0.00765421  0.00828872
      0.00897584  0.00971991  0.01052566  0.01139821  0.01234309  0.01336630
      0.01447433  0.01567421  0.01697356  0.01838063  0.01990433  0.02155435
      0.02334114  0.02527606  0.02737138  0.02964039  0.03209750  0.03475829
      0.03763966  0.04075988  0.04413877  0.04779775  0.05176005  0.05605082
      0.06069728  0.06572892  0.07117767  0.07707811  0.08346767  0.09038691
      0.09787974  0.10599371  0.11478030  0.12429527  0.13459901  0.14575690
      0.15783976  0.17092424  0.18509340  0.20043714  0.21705283  0.23504592
      0.25453058  0.27563048  0.29847949  0.32322263  0.35001691  0.37903236
      0.41045311  0.44447856  0.48132462  0.52122512  0.56443327  0.61122325
      0.66189199  0.71676104
non-local potential: l,potential*integration weight
  0   0.93730511  0.93554052  0.93361839  0.93153365  0.92928327  0.92686634
      0.92428390  0.92153850  0.91863349  0.91557199  0.91235563  0.90898303
      0.90544833  0.90173964  0.89783801  0.89371685  0.88934220  0.88467387
      0.87966724  0.87427564  0.86845278  0.86215507  0.85534357  0.84798554
      0.84005562  0.83153648  0.82241863  0.81269851  0.80237370  0.79143391
      0.77984650  0.76753677  0.75436432  0.74009742  0.72438611  0.70673257
      0.68645949  0.66269421  0.63442591  0.60072027  0.56103450  0.51518157
      0.46260034  0.40186561  0.33154312  0.25174338  0.16543037  0.07940357
      0.00465384 -0.04517076 -0.05908610 -0.03875595 -0.00829872  0.00001909
      0.00000545  0.00000199  0.00000064  0.00000018  0.00000004  0.00000000
      0.00000000  0.00000000  0.00000000  0.00000000  0.00000000  0.00000000
      0.00000000  0.00000000  0.00000000  0.00000000  0.00000000  0.00000000
      0.00000000  0.00000000  0.00000000  0.00000000  0.00000000  0.00000000
      0.00000000  0.00000000
non-local potential: l,potential*integration weight
  1   0.90370413  0.89915413  0.89421569  0.88886460  0.88307711  0.87682988
      0.87009965  0.86286267  0.85509381  0.84676537  0.83784560  0.82829704
      0.81807474  0.80712459  0.79538197  0.78277097  0.76920439  0.75458466
      0.73880543  0.72175375  0.70331247  0.68336251  0.66178511  0.63846390
      0.61328705  0.58614966  0.55695625  0.52562300  0.49207935  0.45626822
      0.41814517  0.37767819  0.33485145  0.28967777  0.24222327  0.19264571
      0.14124931  0.08857314  0.03556416 -0.01609767 -0.06361358 -0.10313288
     -0.13071331 -0.14337790 -0.13932187 -0.11803667 -0.08124130 -0.03422899
      0.01331497  0.04813719  0.05745893  0.03806545  0.00846852  0.00000828
      0.00000560  0.00000199  0.00000064  0.00000018  0.00000004  0.00000000
      0.00000000  0.00000000  0.00000000  0.00000000  0.00000000  0.00000000
      0.00000000  0.00000000  0.00000000  0.00000000  0.00000000  0.00000000
      0.00000000  0.00000000  0.00000000  0.00000000  0.00000000  0.00000000
      0.00000000  0.00000000

 For atom type  1, l= 1 potential used as local nuclear potential
number of radial functions  ****  O/pbe   - by Peter Schultz / 17Jan07 ****
  5
angular momentum, number of alphas
  0  5
alphas - s - 5s/2/5s284 Eopt(flat) + check (c1)
   2.40227000D-01  6.83348000D-01  1.98182200D+00  3.96390000D+00
   7.92780000D+00
wave function coefficients
   3.33034000D-01  1.10004600D+00  1.16492600D+00 -1.95149900D+00
   6.44755000D-01
angular momentum, number of alphas
  1  4
alphas - p - 4p/2/4p563 Eopt + reopt(c1)
   1.29289000D-01  4.02185000D-01  1.18213300D+00  3.84037500D+00
wave function coefficients
   5.93100000D-02  3.75369000D-01  1.45605400D+00  3.86770800D+00
angular momentum, number of alphas
  0  1
alphas - s - second zeta s polarization
   2.40227000D-01
wave function coefficients
   1.00000000D+00
angular momentum, number of alphas
  1  1
alphas - p - second zeta p polarization
   1.29289000D-01
wave function coefficients
   1.00000000D+00
angular momentum, number of alphas
  2  2
alphas
   2.50000000D-01  1.20000000D+00
wave function coefficients
   1.17200000D-01  1.00000000D+00
shell occupancies for oxygen, O s(2.0)p(4.5)p'(-0.5), -0.5 pseudoion (H2O)
      2.00000000  4.50000000  0.00000000 -0.50000000  0.00000000
end atom file
atom file
 H = H.atm
>>>>> atom type name=H           
type number, label:
  2 H                      
notes3
 notes for this atom file:
 bare nuclear potential
 generated March-2001, by Peter A. Schultz
 Changed to triple-zeta s (to recover double-zeta, remove third zeta)
mass
   1.00079000D+00
energy = E(H2)/2
  -1.16555500D+00
effective nuclear charge (s1 to 10.0)
   1.00000000D+00
pseudopotentials: Lmax, and effective gaussian range
 -1   1.71000000
radial mesh: number of points for local and non-local pot integrals
 100  80
mesh points for nuclear potential
      0.00200000  0.00217968  0.00237551  0.00258893  0.00282152  0.00307501
      0.00335127  0.00365236  0.00398049  0.00433810  0.00472785  0.00515260
      0.00561552  0.00612003  0.00666986  0.00726909  0.00792215  0.00863389
      0.00940957  0.01025494  0.01117626  0.01218036  0.01327466  0.01446727
      0.01576703  0.01718357  0.01872736  0.02040986  0.02224351  0.02424190
      0.02641983  0.02879343  0.03138027  0.03419952  0.03727205  0.04062063
      0.04427005  0.04824734  0.05258195  0.05730599  0.06245444  0.06806544
      0.07418054  0.08084503  0.08810827  0.09602405  0.10465099  0.11405299
      0.12429968  0.13546694  0.14763749  0.16090146  0.17535709  0.19111143
      0.20828116  0.22699345  0.24738688  0.26961248  0.29383487  0.32023343
      0.34900367  0.38035868  0.41453067  0.45177272  0.49236064  0.53659505
      0.58480355  0.63734316  0.69460302  0.75700718  0.82501783  0.89913865
      0.97991859  1.06795593  1.16390267  1.26846941  1.38243058  1.50663019
      1.64198808  1.78950672  1.95027865  2.12549457  2.31645214  2.52456563
      2.75137635  2.99856407  3.26795950  3.56155782  3.88153345  4.23025616
      4.61030863  5.02450558  5.47591460  5.96787887  6.50404194  7.08837469
      7.72520477  8.41924860  9.17564635 10.00000000
radwts: weights for radial points
      0.00017206  0.00018752  0.00020437  0.00022273  0.00024274  0.00026455
      0.00028832  0.00031422  0.00034245  0.00037322  0.00040675  0.00044329
      0.00048312  0.00052652  0.00057382  0.00062538  0.00068156  0.00074279
      0.00080953  0.00088226  0.00096152  0.00104790  0.00114205  0.00124465
      0.00135647  0.00147834  0.00161116  0.00175591  0.00191366  0.00208559
      0.00227296  0.00247716  0.00269972  0.00294226  0.00320660  0.00349468
      0.00380865  0.00415083  0.00452374  0.00493016  0.00537310  0.00585582
      0.00638192  0.00695528  0.00758015  0.00826117  0.00900336  0.00981224
      0.01069378  0.01165453  0.01270159  0.01384272  0.01508637  0.01644175
      0.01791890  0.01952876  0.02128325  0.02319537  0.02527928  0.02755040
      0.03002557  0.03272311  0.03566301  0.03886703  0.04235890  0.04616448
      0.05031197  0.05483207  0.05975826  0.06512703  0.07097814  0.07735492
      0.08430461  0.09187866  0.10013317  0.10912928  0.11893362  0.12961879
      0.14126394  0.15395530  0.16778687  0.18286109  0.19928960  0.21719407
      0.23670711  0.25797323  0.28114992  0.30640885  0.33393707  0.36393847
      0.39663525  0.43226954  0.47110528  0.51343007  0.55955739  0.60982886
      0.66461678  0.72432694  0.78940154  0.86032254
number of radial functions  **** H PBE bare-core basis 11Apr01-PAS ****
  4
angular momentum, number of alphas
  0  5
alphas - s - Ham-II/PBE/4s408 + a5(19.22) + full recontract in H2
   1.02474000D-01  3.72304000D-01  1.23085800D+00  4.78332400D+00
   1.92200000D+01
wave function coefficients
   1.04060000D-01  4.80100000D-01  5.85350000D-01  3.97563000D-01
   2.69130000D-01
angular momentum, number of alphas
  0  2
alphas - s - second zeta s polarization (H2O Eopt)
   1.02474000D-01  3.72304000D-01
wave function coefficients
   7.52810000D-02  1.20939000D-01
angular momentum, number of alphas
  0  1
alphas - s - third zeta s polarization (H2O Eopt)
   1.02474000D-01
wave function coefficients
   1.00000000D+00
angular momentum, number of alphas
  1  1
alphas - p - angular polarization (dzp Eopt H2)
   1.10000000D+00
wave function coefficients
   1.00000000D+00
shell occupancies for hydrogen, H: s(1.00)p(0.00)
      1.00000000  0.00000000  0.00000000  0.00000000
end atom file
atom file
 C = C.atm
>>>>> atom type name=C           
type number, label:
  3 C                      
notes5
 notes for this atom file:
 Constructed by Peter A. Schultz, 4-January-2007
 Hamann-type ppot [D.R. Hamann,  PRB 40, 2980 (1989)]
 generated by fhi98PP [M.Fuchs,M.Scheffler, Comput.Phys.Commun. 119,67(1999)]
 ppot: [He-core]s2p2, l=1; Def: Rs=0.73, Rp=0.48
 basis: refined in 4-lyr Td(111) slab
energy - Td/16^3/k8^3/pbe
  -1.13937680D+01
effective nuclear charge (s2p2 to  9.0)
   4.00000000D+00
pseudopotentials: Lmax, and effective gaussian range
  1   3.69000000
functional type used in generating potential:
 PBE    = dft fcnal used to generate pot
radial mesh: number of points for local and non-local pot integrals
 120 102
mesh points for nuclear potential;  ham1fh
      0.02500000  0.02626767  0.02759962  0.02899911  0.03046956  0.03201457
      0.03363793  0.03534360  0.03713576  0.03901879  0.04099731  0.04307615
      0.04526040  0.04755541  0.04996679  0.05250045  0.05516258  0.05795969
      0.06089864  0.06398662  0.06723117  0.07064025  0.07422219  0.07798576
      0.08194016  0.08609508  0.09046069  0.09504766  0.09986722  0.10493116
      0.11025188  0.11584240  0.12171640  0.12788824  0.13437304  0.14118667
      0.14834579  0.15586793  0.16377149  0.17207581  0.18080122  0.18996907
      0.19960179  0.20972295  0.22035733  0.23153093  0.24327112  0.25560662
      0.26856761  0.28218580  0.29649454  0.31152882  0.32732544  0.34392306
      0.36136229  0.37968581  0.39893845  0.41916733  0.44042196  0.46275433
      0.48621912  0.51087372  0.53677848  0.56399679  0.59259525  0.62264384
      0.65421610  0.68738929  0.72224459  0.75886729  0.79734700  0.83777790
      0.88025891  0.92489401  0.97179240  1.02106886  1.07284397  1.12724443
      1.18440337  1.24446064  1.30756323  1.37386555  1.44352985  1.51672659
      1.59363491  1.67444300  1.75934861  1.84855951  1.94229400  2.04078147
      2.14426292  2.25299158  2.36723353  2.48726831  2.61338967  2.74590624
      2.88514230  3.03143856  3.18515304  3.34666189  3.51636033  3.69466363
      3.88200811  4.07885224  4.28567769  4.50299059  4.73132273  4.97123286
      5.22330806  5.48816518  5.76645235  6.05885056  6.36607535  6.68887851
      7.02804998  7.38441975  7.75885988  8.15228666  8.56566284  9.00000000
radwts: weights for radial points
      0.00123658  0.00129928  0.00136516  0.00143438  0.00150712  0.00158354
      0.00166383  0.00174820  0.00183685  0.00192999  0.00202785  0.00213068
      0.00223872  0.00235224  0.00247151  0.00259683  0.00272851  0.00286686
      0.00301223  0.00316497  0.00332546  0.00349408  0.00367126  0.00385741
      0.00405301  0.00425853  0.00447446  0.00470135  0.00493974  0.00519022
      0.00545340  0.00572992  0.00602047  0.00632574  0.00664650  0.00698352
      0.00733764  0.00770970  0.00810064  0.00851140  0.00894298  0.00939645
      0.00987291  0.01037354  0.01089955  0.01145223  0.01203293  0.01264309
      0.01328418  0.01395777  0.01466553  0.01540917  0.01619052  0.01701149
      0.01787408  0.01878042  0.01973272  0.02073330  0.02178462  0.02288924
      0.02404988  0.02526938  0.02655071  0.02789701  0.02931157  0.03079787
      0.03235953  0.03400038  0.03572443  0.03753590  0.03943922  0.04143906
      0.04354030  0.04574809  0.04806782  0.05050519  0.05306614  0.05575696
      0.05858421  0.06155483  0.06467608  0.06795559  0.07140140  0.07502194
      0.07882606  0.08282307  0.08702276  0.09143541  0.09607180  0.10094329
      0.10606180  0.11143986  0.11709061  0.12302790  0.12926625  0.13582092
      0.14270796  0.14994422  0.15754741  0.16553613  0.17392994  0.18274936
      0.19201600  0.20175251  0.21198273  0.22273169  0.23402570  0.24589238
      0.25836079  0.27146144  0.28522637  0.29968928  0.31488556  0.33085239
      0.34762885  0.36525599  0.38377694  0.40323704  0.42368389  0.44516753
non-local potential: l,potential*integration weight
  0   0.39100562  0.39067485  0.39033823  0.38999879  0.38965989  0.38932513
      0.38899826  0.38868306  0.38838318  0.38810195  0.38784228  0.38760641
      0.38739580  0.38721103  0.38705165  0.38691622  0.38680233  0.38670670
      0.38662533  0.38655366  0.38648687  0.38641999  0.38634820  0.38626692
      0.38617198  0.38605973  0.38592700  0.38577121  0.38559025  0.38538253
      0.38514689  0.38488257  0.38458924  0.38426700  0.38391647  0.38353887
      0.38313623  0.38271151  0.38226892  0.38181401  0.38135384  0.38089688
      0.38045258  0.38003039  0.37963798  0.37927841  0.37894605  0.37862117
      0.37826346  0.37780501  0.37714366  0.37613777  0.37460355  0.37231704
      0.36902414  0.36446416  0.35841004  0.35071546  0.34133721  0.33029683
      0.31759520  0.30316280  0.28690443  0.26875136  0.24853666  0.22574940
      0.19972621  0.17051836  0.13937240  0.10806813  0.07821470  0.05122470
      0.02840362  0.01081157 -0.00100516 -0.00724855 -0.00892743 -0.00764520
     -0.00514007 -0.00276292 -0.00116667 -0.00036807 -0.00007497 -0.00000151
      0.00000748  0.00000523  0.00000292  0.00000155  0.00000081  0.00000043
      0.00000024  0.00000016  0.00000011  0.00000009  0.00000008  0.00000006
      0.00000005  0.00000005  0.00000004  0.00000004  0.00000003  0.00000003
      0.00000000  0.00000000  0.00000000  0.00000000  0.00000000  0.00000000
      0.00000000  0.00000000  0.00000000  0.00000000  0.00000000  0.00000000
      0.00000000  0.00000000  0.00000000  0.00000000  0.00000000  0.00000000
non-local potential: l,potential*integration weight
  1   0.36560952  0.36397730  0.36227137  0.36049107  0.35863582  0.35670508
      0.35469817  0.35261419  0.35045178  0.34820898  0.34588303  0.34347014
      0.34096535  0.33836235  0.33565334  0.33282903  0.32987859  0.32678968
      0.32354862  0.32014045  0.31654911  0.31275762  0.30874814  0.30450211
      0.30000028  0.29522270  0.29014867  0.28475665  0.27902413  0.27292752
      0.26644201  0.25954147  0.25219842  0.24438401  0.23606814  0.22721973
      0.21780705  0.20779831  0.19716246  0.18587019  0.17389525  0.16121597
      0.14781711  0.13369188  0.11884413  0.10329073  0.08706409  0.07021525
      0.05281777  0.03497339  0.01682028 -0.00145547 -0.01960454 -0.03729507
     -0.05408874 -0.06941146 -0.08252221 -0.09249895 -0.09828416 -0.09883540
     -0.09337182 -0.08162950 -0.06406125 -0.04206903 -0.01838077  0.00287418
      0.01747263  0.02350852  0.02232316  0.01698540  0.01056097  0.00526361
      0.00203413  0.00063797  0.00029470  0.00031888  0.00036305  0.00033630
      0.00025811  0.00017000  0.00009990  0.00005521  0.00003035  0.00001705
      0.00000966  0.00000539  0.00000293  0.00000155  0.00000081  0.00000043
      0.00000024  0.00000016  0.00000011  0.00000009  0.00000008  0.00000006
      0.00000005  0.00000005  0.00000004  0.00000004  0.00000003  0.00000003
      0.00000000  0.00000000  0.00000000  0.00000000  0.00000000  0.00000000
      0.00000000  0.00000000  0.00000000  0.00000000  0.00000000  0.00000000
      0.00000000  0.00000000  0.00000000  0.00000000  0.00000000  0.00000000

 For atom type  3, l= 1 potential used as local nuclear potential
number of radial functions  ****  C/pbe  basis - by Peter Schultz -  8Jan07 ****
  5
angular momentum, number of alphas
  0  5
alphas - s - 5s/2/5s312 Eopt + reopt(c2,c1)
   1.55830000D-01  4.58320000D-01  1.40253800D+00  2.80520000D+00
   5.61040000D+00
wave function coefficients
   2.61700000D-01  7.05480000D-01  3.62537000D-01 -1.29642800D+00
   4.50261000D-01
angular momentum, number of alphas
  1  4
alphas - p - 4p/2/4p361 Eopt + reopt(c1)
   1.43749000D-01  4.89605000D-01  1.38713100D+00  4.55300700D+00
wave function coefficients
   8.49200000D-02  5.16452000D-01  1.01732000D+00  1.69318600D+00
angular momentum, number of alphas
  0  1
alphas - p - second zeta p polarization
   1.55830000D-01
wave function coefficients
   1.00000000D+00
angular momentum, number of alphas
  1  1
alphas - p - second zeta p polarization
   1.43749000D-01
wave function coefficients
   1.00000000D+00
angular momentum, number of alphas
  2  1
alphas - d - angular polarization (dzp Eopt)
   7.30000000D-01
wave function coefficients
   1.00000000D+00
shell occupation numbers for C, carbon - s(2.00)p(2.00)
      2.00000000  2.00000000  0.00000000  0.00000000  0.00000000
end atom file
atom file
 Si = Si.atm
>>>>> atom type name=Si          
type number, label:
  4 Si                     
notes5
 notes for this atom file:
 Constructed by Peter A. Schultz, 27-July-2009
 Hamann-type ppot [D.R. Hamann,  PRB 40, 2980 (1989)]
 generated by fhi98PP [M.Fuchs,M.Scheffler, Comput.Phys.Commun. 119,67(1999)]
 ppot: s2p2, l=2, Rd=def, Rpc=NONE; def: Rs=1.05, Rp=1.28, Rd=1.28
 basis: refined in 4l-Si111 slab, d-fcn in Si_i[0]:Si(110-split)
energy - Td 2-atm-fcc/24^3/k12^3/uc  3p/-7.876267, 4p/-7.876617
  -7.87661700D+00
effective nuclear charge (s2p2 to 11.0)
   4.00000000D+00
pseudopotentials: Lmax, and effective gaussian range
  2   0.86000000
functional type used in generating potential:
 PBE    = dft fcnal used to generate pot
radial mesh: number of points for local and non-local pot integrals
 100  83
mesh points for nuclear potential;  ham1fh
      0.02500000  0.02658530  0.02827113  0.03006385  0.03197026  0.03399756
      0.03615341  0.03844597  0.04088390  0.04347643  0.04623336  0.04916511
      0.05228276  0.05559811  0.05912370  0.06287285  0.06685974  0.07109945
      0.07560800  0.08040246  0.08550093  0.09092272  0.09668830  0.10281950
      0.10933949  0.11627292  0.12364601  0.13148665  0.13982447  0.14869102
      0.15811981  0.16814650  0.17880900  0.19014762  0.20220526  0.21502749
      0.22866281  0.24316277  0.25858219  0.27497940  0.29241638  0.31095908
      0.33067761  0.35164652  0.37394512  0.39765771  0.42287397  0.44968924
      0.47820492  0.50852883  0.54077564  0.57506729  0.61153343  0.65031197
      0.69154953  0.73540204  0.78203533  0.83162573  0.88436075  0.94043980
      1.00007493  1.06349165  1.13092974  1.20264422  1.27890625  1.36000421
      1.44624475  1.53795397  1.63547865  1.73918756  1.84947286  1.96675157
      2.09146715  2.22409119  2.36512518  2.51510242  2.67459000  2.84419100
      3.02454674  3.21633919  3.42029358  3.63718111  3.86782191  4.11308809
      4.37390709  4.65126513  4.94621098  5.25985994  5.59339799  5.94808634
      6.32526618  6.72636373  7.15289567  7.60647483  8.08881634  8.60174407
      9.14719756  9.72723932 10.34406267 11.00000000
radwts: weights for radial points
      0.00153706  0.00163453  0.00173818  0.00184840  0.00196561  0.00209026
      0.00222280  0.00236376  0.00251365  0.00267304  0.00284255  0.00302280
      0.00321448  0.00341832  0.00363508  0.00386558  0.00411071  0.00437138
      0.00464857  0.00494335  0.00525682  0.00559016  0.00594465  0.00632161
      0.00672247  0.00714876  0.00760207  0.00808414  0.00859677  0.00914191
      0.00972161  0.01033808  0.01099364  0.01169077  0.01243210  0.01322044
      0.01405878  0.01495027  0.01589830  0.01690644  0.01797851  0.01911856
      0.02033091  0.02162013  0.02299111  0.02444902  0.02599938  0.02764805
      0.02940127  0.03126566  0.03324828  0.03535662  0.03759865  0.03998285
      0.04251824  0.04521441  0.04808154  0.05113049  0.05437277  0.05782066
      0.06148718  0.06538620  0.06953247  0.07394166  0.07863045  0.08361656
      0.08891885  0.09455737  0.10055344  0.10692973  0.11371035  0.12092095
      0.12858878  0.13674285  0.14541398  0.15463497  0.16444067  0.17486818
      0.18595692  0.19774881  0.21028845  0.22362325  0.23780364  0.25288324
      0.26891906  0.28597175  0.30410578  0.32338972  0.34389650  0.36570365
      0.38889364  0.41355415  0.43977843  0.46766564  0.49732124  0.52885736
      0.56239324  0.59805570  0.63597959  0.67630830
non-local potential: l,potential*integration weight
  0   0.49635482  0.49662152  0.49690159  0.49719521  0.49750252  0.49782355
      0.49815820  0.49850629  0.49886754  0.49924155  0.49962789  0.50002614
      0.50043594  0.50085717  0.50129009  0.50173553  0.50219518  0.50267186
      0.50316976  0.50369477  0.50425460  0.50485886  0.50551887  0.50624734
      0.50705767  0.50796308  0.50897559  0.51010488  0.51135727  0.51273497
      0.51423566  0.51585233  0.51757344  0.51938280  0.52125941  0.52317743
      0.52510704  0.52701586  0.52886906  0.53062693  0.53224159  0.53365449
      0.53479419  0.53557339  0.53588492  0.53559700  0.53454789  0.53254023
      0.52933536  0.52464807  0.51814288  0.50943301  0.49808374  0.48362184
      0.46555234  0.44338360  0.41666231  0.38502462  0.34828168  0.30657281
      0.26063374  0.21221421  0.16437910  0.12024310  0.07999860  0.04427474
      0.01844335  0.00465239 -0.00036131 -0.00096993 -0.00031637  0.00016928
      0.00027794  0.00021562  0.00013412  0.00007560  0.00003973  0.00001938
      0.00000862  0.00000339  0.00000111  0.00000026  0.00000002  0.00000000
      0.00000000  0.00000000  0.00000000  0.00000000  0.00000000  0.00000000
      0.00000000  0.00000000  0.00000000  0.00000000  0.00000000  0.00000000
      0.00000000  0.00000000  0.00000000  0.00000000
non-local potential: l,potential*integration weight
  1   0.48556431  0.48514567  0.48469678  0.48421506  0.48369769  0.48314152
      0.48254315  0.48189881  0.48120444  0.48045563  0.47964766  0.47877556
      0.47783416  0.47681823  0.47572256  0.47454227  0.47327292  0.47191088
      0.47045353  0.46889955  0.46724907  0.46550371  0.46366644  0.46174118
      0.45973220  0.45764326  0.45547655  0.45323166  0.45090466  0.44848733
      0.44596688  0.44332602  0.44054332  0.43759376  0.43444924  0.43107925
      0.42745179  0.42353460  0.41929566  0.41470273  0.40972242  0.40431979
      0.39845820  0.39209919  0.38520225  0.37772467  0.36962163  0.36084655
      0.35135191  0.34109042  0.33001685  0.31809044  0.30527765  0.29155478
      0.27690886  0.26133454  0.24482443  0.22735249  0.20885783  0.18925125
      0.16849304  0.14682249  0.12507799  0.10415181  0.08294995  0.06051852
      0.04024720  0.02486409  0.01409900  0.00703714  0.00292197  0.00095112
      0.00025189  0.00009925  0.00008107  0.00006269  0.00003796  0.00001925
      0.00000861  0.00000339  0.00000111  0.00000026  0.00000002  0.00000000
      0.00000000  0.00000000  0.00000000  0.00000000  0.00000000  0.00000000
      0.00000000  0.00000000  0.00000000  0.00000000  0.00000000  0.00000000
      0.00000000  0.00000000  0.00000000  0.00000000
non-local potential: l,potential*integration weight
  2   0.48036980  0.47962095  0.47882078  0.47796536  0.47705040  0.47607124
      0.47502280  0.47389958  0.47269564  0.47140457  0.47001952  0.46853325
      0.46693815  0.46522637  0.46338997  0.46142106  0.45931204  0.45705587
      0.45464629  0.45207809  0.44934720  0.44645076  0.44338693  0.44015448
      0.43675212  0.43317764  0.42942683  0.42549239  0.42136296  0.41702233
      0.41244910  0.40761669  0.40249369  0.39704433  0.39122901  0.38500492
      0.37832689  0.37114845  0.36342235  0.35510010  0.34613118  0.33646273
      0.32603960  0.31480447  0.30269811  0.28965997  0.27562924  0.26054668
      0.24435740  0.22701482  0.20848620  0.18876007  0.16785573  0.14583465
      0.12281305  0.09897388  0.07457621  0.04996154  0.02556215  0.00192844
     -0.02018704 -0.03962357 -0.05454960 -0.06305460 -0.06532168 -0.06222653
     -0.05190617 -0.03470137 -0.01524675  0.00085249  0.00980919  0.01124245
      0.00800936  0.00395947  0.00136711  0.00033609  0.00007208  0.00002149
      0.00000868  0.00000339  0.00000111  0.00000026  0.00000002  0.00000000
      0.00000000  0.00000000  0.00000000  0.00000000  0.00000000  0.00000000
      0.00000000  0.00000000  0.00000000  0.00000000  0.00000000  0.00000000
      0.00000000  0.00000000  0.00000000  0.00000000

 For atom type  4, l= 2 potential used as local nuclear potential
number of radial functions  **** Si/pbe   - by Peter Schultz / 28Jul09 ****
  5
angular momentum, number of alphas
  0  4
alphas - s - 4s/2/4s442
   1.04272000D-01  2.75189000D-01  1.27139800D+00  2.54280000D+00
wave function coefficients
   2.72301000D-01  5.67333000D-01 -1.00198900D+00  3.81459000D-01
angular momentum, number of alphas
  1  4
alphas - p - 4p/2/4p475 a1max + reopt(c1)
   7.31200000D-02  2.15660000D-01  5.30398000D-01  1.06080000D+00
wave function coefficients
   3.40890000D-02  2.10226000D-01  2.41205000D-01 -1.67987000D-01
angular momentum, number of alphas
  0  1
alphas - s - second zeta s polarization
   1.04272000D-01
wave function coefficients
   1.00000000D+00
angular momentum, number of alphas
  1  1
alphas - p - second zeta p polarization
   7.31200000D-02
wave function coefficients
   1.00000000D+00
angular momentum, number of alphas
  2  2
alphas - d - angular polarization Eopt
   2.60000000D-01  7.40000000D-01
wave function coefficients
   3.47500000D-01  1.00000000D+00
shell occupancies for silicon, Si: s(2.00)p(2.00)
      2.00000000  2.00000000  0.00000000  0.00000000  0.00000000
end atom file
 ionopt (0=none,2=gaussian lmcc,3=dble layer):
    2
 charge state for system
   0.00000000
number of atoms in unit cell
   26
atom, type, position;
 AT1          O                -3.7336790230    1.2100653928    4.0244016322    
 AT2          Si               -0.6852097181    0.5390530667    4.4832789124    
 AT3          Si               -6.6567116184    0.9941598686    5.1891528112    
 AT4          C                 1.1735245265    2.3207495729    2.1721550364    
 AT5          C                 4.0583492132    2.0473356586    1.9890963259    
 AT6          H                 0.2975223416    3.7139788226    0.9167204764    
 AT7          H                 5.1602376565    3.2183712462    0.7055257776    
 AT8          H                 5.0532570141    0.7826331700    3.2715197369    
 AT9          Si                1.7195376639   -2.4832488764   -3.2375508611    
 AT10         O                -0.9264958988   -0.8765960800   -3.7645696048    
 AT11         O                 4.0749701785   -0.5843540575   -4.0623895141    
 AT12         Si                7.2076695065   -0.1922132405   -3.9168131521    
 AT13         Si               -3.8486976358   -0.6341789958   -2.5571727455    
 AT14         H                 1.9448527789   -3.1647323248   -0.5159498463    
 AT15         H                -7.1139102167    3.1781528485    6.9098192729    
 AT16         H                 0.1162676641    1.1305116001    7.1554081162    
 AT17         H                -7.0150442008   -1.4108172169    6.6139779226    
 AT18         H                -0.2049022272   -2.2460542360    4.1865004086    
 AT19         H                -5.7170187401   -1.3847119658   -4.5300031868    
 AT20         H                -4.0922729292   -2.3052741185   -0.3025067517    
 AT21         H                -4.3231470128    2.0372977837   -1.8145793812    
 AT22         H                 7.6863707699    2.5676045560   -4.2069029173    
 AT23         H                 8.2292179353   -1.0769169796   -1.4445077344    
 AT24         H                 8.4758585917   -1.6275224694   -5.9940817044    
 AT25         H                 1.7205142183   -4.7739516858   -4.8706504481    
 AT26         H                -8.4671342125    1.0658947819    3.0205461973    
 origin offset for unit cell
   0.00000000  0.00000000  0.00000000
 symmetry center
   0.00000000  0.00000000  0.00000000
end setup phase data
 >>>> Total number of electrons=              62.0000000000
 >>>> Spin!  Number of up/dn electrons=       32.0000000000       30.0000000000
 >>>> Minimum number of occupied states=          32
 >>>> Number of basis functions, norb=         226
 ************** VERSION 2.65 CHANGE: ***************
 **** grid range default changed from 2.d-7 to 2.d-8
 **** This will cause numerical changes in results
 **** To recover pre-2.65, use input cutgrd/2.d-7
 ***************************************************
run phase input data
history
    8
states
  200
temperature
   0.00200000
iterations
  300
blend ratio
   0.05000000
convergence criterion
   0.05000000
geometry relaxation
gsteps
  500
gmethod
ASD
end geometry relaxation

 >>>> Relax params (gstop,gblend,gconv,atoms-relaxd):
 >>>>    500  1.5000000  0.000800000000     26

end run phase data
cutXXX for code (grd,slo,ii,1c)
   2.00000000D-08  1.00000000D-01  1.00000000D-02  1.00000000D-04
cutall for code (s,t,nl,loc;frc)
   3.00000000D-09  3.00000000D-09  1.50000000D-07  6.00000000D-08
   3.00000000D-07  3.00000000D-07  5.00000000D-06  6.00000000D-06

 ##### output #####

 ***** NEB Module invoked *****
 ------------------------------------------------------------------------
    ***** NEB module for transition state finding *****
    Written by Aidan Thompson, adapted by PAS for SeqQuest
    Based on the NEB method of Hannes Jonnson

    NEB Version: 1.10         Last revised: 19Nov08-PAS
    Maximum number of NEB images =    12
 ------------------------------------------------------------------------

 This node is the NEB master
 NEB output file= neb_out
 >>>>> reading NEB input data
 MPINFO::: NEB Group =    1           :::

 ###############################################################################
 INITIAL GEOMETRY for image  1, step   1
atom, type, position; image#   1
 AT1          O                -3.5195752622    0.8843366675    4.0104668969 
 AT2          Si               -0.6450792056    0.6186521628    4.6112062851 
 AT3          Si               -6.5146971274    0.7062106402    4.9756417467 
 AT4          C                 1.2120448663    2.4272848483    2.2537743587 
 AT5          C                 3.9191343639    1.9747316834    1.8474523893 
 AT6          H                 0.6194424193    3.7933595928    1.3623113144 
 AT7          H                 4.9942746174    3.1615934846    0.5514321866 
 AT8          H                 4.9854780422    0.7458773263    3.0937146433 
 AT9          Si                1.6688459446   -2.2384505844   -2.9490419471 
 AT10         O                -0.8952482143   -0.6207856980   -3.6329674120 
 AT11         O                 3.9898660485   -0.8024779041   -3.9271391359 
 AT12         Si                7.0479751209   -0.3804531927   -4.0422311229 
 AT13         Si               -3.8266418488   -0.4367501215   -2.7564141154 
 AT14         H                 1.6683697687   -2.1152151752   -0.1914774029 
 AT15         H                -7.0777739350    2.8886704815    6.6409428526 
 AT16         H                -0.1280059908    1.3902522202    7.1543985653 
 AT17         H                -6.8464163170   -1.7076997029    6.4030507599 
 AT18         H                 0.0637381865   -1.9795157403    4.5327007973 
 AT19         H                -5.3960683861   -0.9951161600   -4.8401964638 
 AT20         H                -4.1972544149   -2.2351479469   -0.7748719539 
 AT21         H                -4.4578379306    2.1319081207   -1.9371076971 
 AT22         H                 7.4674628115    2.3747957261   -4.3938624611 
 AT23         H                 8.2465656498   -1.2226511667   -1.6981645716 
 AT24         H                 8.1365470954   -1.8420942615   -6.1519715129 
 AT25         H                 1.4995374625   -4.5008773388   -4.1416812298 
 AT26         H                -8.1343009383    0.7331867059    2.7208289685 
 ###############################################################################
 MPINFO::: Local Communicator         :::
 MPINFO::: Local Context =    3       :::
 MPINFO::: Local Size =      10       :::
 MPINFO::: Local Root =       0       :::
 MPINFO::: Local Rank =       0       :::
 >>>>> FOUND RESTART FILE - loading data
 GLINES                                                                          
          29
 IGSTEP                                                                          
 Restarting from geometry#         408
 COORDINATES                                                                     
    -3.8054589065    0.3604996945    3.6095181502
    -0.7545396507    0.5673771891    4.4972013990
    -6.5600314644    0.9621080346    5.1707801040
     1.1976539365    2.4234326065    2.2798236217
     4.0246425587    2.0431551990    1.9144527902
     0.3854563033    4.0433294013    1.2773440411
     5.0213862769    3.0091780465    0.3966022588
     5.1725173865    1.2342513284    3.4118578609
     1.5175915769   -2.5769800415   -3.2241613876
    -0.9609729525   -0.6973233543   -3.7847827669
     4.0986736127   -1.1073988938   -4.0851003714
     7.1424999241   -0.3540838615   -4.1154226737
    -3.9562819460   -0.5450493160   -2.7298897228
     1.7465470672   -3.1042018128   -0.4619195772
    -6.7318657099    3.1385794358    6.8118491724
    -0.5427628844    1.8204813007    7.0708926180
    -7.1537688046   -1.3227474418    6.7590457342
     0.1837948075   -2.0712735957    4.7553991455
    -5.7651856176   -1.1555183086   -4.8232082397
    -4.3482256222   -2.4450347260   -0.6905437792
    -4.3743689676    2.0816156817   -1.8094233436
     7.4056154503    2.4207943035   -4.5318046924
     8.3947746473   -1.1386080862   -1.7316209671
     8.4150125776   -1.7323923031   -6.2122260647
     1.4537868028   -4.8924435198   -4.8114862854
    -8.4989749999    1.2543124421    3.1451286176
 SETUP COMPLETED                                                                 
 ITERATION                                                                       
    1
 END STATUS FILE                                                                 
 Restart file ended

 Maximum record length (r8) for i/o=     1000000
 Flavor of dft that will be used for this run=PBE-SP
 ***** Note: basis transformed to split basis form
 SCF guessing turned on, option=           2
  
 LATVEC: nlat1c,nlat2c,nlat =           1           1           1

  Atom
  Type  Shell  Min-alf     range
    1        0.129289   8.279963
    2        0.102474   9.300415
    3        0.143749   7.852478
    4        0.073120  11.010095
 Turnover EF->DM npopdm, npop0k=          60          32
 DEV264h/wkmem: perlsolv dist-mem
 DEV/wkmem: KPSTORE= F
 DEV/wkmem: psolv version, input do_psolv= F

 Need       17500-length r*4 array to pack grid wfcns/box
 Need     1722125-length r*4 array to pack all grid wfcns
 Need       25000-length r*4 array for grid wfcns scratch
 WKMEM: using stripe-parallel+Merge  setup
 Minimum maxwkd for scf to complete=    64540268
 All grid wfcns stored in    861063 of 164677332 available
 WKMEM: in-core Broyden! uses    183888 out of 163816269 available

 AFTER SETUP PHASE+    0.32 =       1.8 seconds wall (    0.14 usr    0.01 sys)

 *************************  iteration   1 begins here  *************************


 erlsolv/begin  +    0.07 =       1.9 seconds wall (    0.02 usr    0.00 sys)
 PERLSOLV: kpp-copmatible version

 erlsolv/schroed+    0.13 =       2.0 seconds wall (    0.03 usr    0.01 sys)

 erlsolv/pop    +    0.00 =       2.0 seconds wall (    0.00 usr    0.00 sys)

 erlsolv/dmat compute+    0.00 =       2.0 seconds wall (    0.00 usr    0.00 sys)

 erlsolv/dmat compute+    0.01 =       2.1 seconds wall (    0.00 usr    0.00 sys)

 erlsolv/rhoij  +    0.00 =       2.1 seconds wall (    0.00 usr    0.00 sys)

 spin-up fermi level =   -0.188145 Ry,   gap(0K)= 0.206147 Ry = 2.805 eV
 spin-dn fermi level =   -0.432612 Ry,   gap(0K)= 0.158180 Ry = 2.152 eV

 k-vector:                  1
  weight:               1.000000
            level/UP/occup       level/DN/occup
  
    1    -1.830756  1.0000    -1.830423  1.0000
    2    -1.809029  1.0000    -1.808444  1.0000
    3    -1.792611  1.0000    -1.792273  1.0000
    4    -1.393659  1.0000    -1.313489  1.0000
             ...      ...         ...      ...
   13    -0.773102  1.0000    -0.772165  1.0000
   14    -0.760894  1.0000    -0.753856  1.0000
   15    -0.754895  1.0000    -0.746203  1.0000
   16    -0.747709  1.0000    -0.732403  1.0000
   17    -0.716448  1.0000    -0.711007  1.0000
   18    -0.696750  1.0000    -0.688762  1.0000
   19    -0.683434  1.0000    -0.683081  1.0000
   20    -0.678168  1.0000    -0.677051  1.0000
   21    -0.670825  1.0000    -0.669804  1.0000
   22    -0.630448  1.0000    -0.617017  1.0000
   23    -0.620774  1.0000    -0.610814  1.0000
   24    -0.612706  1.0000    -0.606537  1.0000
   25    -0.581017  1.0000    -0.571170  1.0000
   26    -0.561462  1.0000    -0.560766  1.0000
   27    -0.557973  1.0000    -0.554319  1.0000
   28    -0.546365  1.0000    -0.542361  1.0000
   29    -0.536050  1.0000    -0.530155  1.0000
   30    -0.528290  1.0000    -0.511701  1.0000
   31    -0.512344  1.0000    -0.353522  0.0000
   32    -0.291218  1.0000    -0.111678  0.0000
   33    -0.085072  0.0000    -0.072196  0.0000
   34    -0.057491  0.0000    -0.052050  0.0000
   35    -0.048879  0.0000    -0.038175  0.0000
   36     0.000947  0.0000     0.009148  0.0000
   37     0.017657  0.0000     0.024297  0.0000
   38     0.021470  0.0000     0.024964  0.0000
   39     0.034464  0.0000     0.038273  0.0000
   40     0.037114  0.0000     0.040786  0.0000
             ...      ...         ...      ...
  200     4.986092  0.0000     4.991849  0.0000
  
 delta movement in up-elecs =        4.3893879647
 delta movement in dn-elecs =        4.3992891078
 delta movement in electrons =        7.4049174193

 one-center local charge defect =        -0.00011587

 one-center local charge defect =        -0.00011570

 LMCC local dipole, |dip|=        0.5935306581
 Using LMCC treatment of supercell electrostatics
 DBG/LMCCINT, esns diagnostics redone
 LMCC chemical potential shift(Ry,eV)=       -0.0000001346       -0.0000018317
 LMCC esns total grid integral=        0.2781967450
  
 grid-integrated up-density total =       32.0001381924
 grid-integrated dn-density total =       30.0001387488
 grid-integrated valence-density total =       62.0002769412
  
 TOTAL single particle eigenvalue sum=       -52.9361807912
  
 rms,max scfchange=  5.4646D-04  2.0614D-02 for component#     86716
 ######################  ENERGY ANALYSIS  #######################
    Spherical-atom es ENERGY correction =      -136.2976034394
    Full spherical atom trace ENERGY =          -74.6682888129
    Spherical-atom-Vxc trace ENERGY =            85.1022628464
    non-spherical es ENERGY =                     0.2782000622
    Total Exc ENERGY =                          -51.4713291793

    total kinetic trace ENERGY =          122.1268343438
    non-local ps-pot trace ENERGY =        21.1508484237
    total electrostatic ENERGY =         -268.8631121111
    Total Vxc ENERGY =                    -66.6878461718

    TOTAL ENERGY (Rydberg) =                   -177.0567585230

 ################################################################

 After blending   +   16.45 =      18.5 seconds wall (    8.35 usr    2.28 sys)
  
 >>>>> self-consistency achieved, iteration   1


 Final GAP(eV)=  2.8048 (up),  2.1522 (dn)

 spin-up fermi level =   -0.188145 Ry,   gap(0K)= 0.206147 Ry = 2.805 eV
 spin-dn fermi level =   -0.432612 Ry,   gap(0K)= 0.158180 Ry = 2.152 eV

 k-vector:                  1
  weight:               1.000000
            level/UP/occup       level/DN/occup
  
    1    -1.830756  1.0000    -1.830423  1.0000
    2    -1.809029  1.0000    -1.808444  1.0000
    3    -1.792611  1.0000    -1.792273  1.0000
    4    -1.393659  1.0000    -1.313489  1.0000
             ...      ...         ...      ...
   13    -0.773102  1.0000    -0.772165  1.0000
   14    -0.760894  1.0000    -0.753856  1.0000
   15    -0.754895  1.0000    -0.746203  1.0000
   16    -0.747709  1.0000    -0.732403  1.0000
   17    -0.716448  1.0000    -0.711007  1.0000
   18    -0.696750  1.0000    -0.688762  1.0000
   19    -0.683434  1.0000    -0.683081  1.0000
   20    -0.678168  1.0000    -0.677051  1.0000
   21    -0.670825  1.0000    -0.669804  1.0000
   22    -0.630448  1.0000    -0.617017  1.0000
   23    -0.620774  1.0000    -0.610814  1.0000
   24    -0.612706  1.0000    -0.606537  1.0000
   25    -0.581017  1.0000    -0.571170  1.0000
   26    -0.561462  1.0000    -0.560766  1.0000
   27    -0.557973  1.0000    -0.554319  1.0000
   28    -0.546365  1.0000    -0.542361  1.0000
   29    -0.536050  1.0000    -0.530155  1.0000
   30    -0.528290  1.0000    -0.511701  1.0000
   31    -0.512344  1.0000    -0.353522  0.0000
   32    -0.291218  1.0000    -0.111678  0.0000
   33    -0.085072  0.0000    -0.072196  0.0000
   34    -0.057491  0.0000    -0.052050  0.0000
   35    -0.048879  0.0000    -0.038175  0.0000
   36     0.000947  0.0000     0.009148  0.0000
   37     0.017657  0.0000     0.024297  0.0000
   38     0.021470  0.0000     0.024964  0.0000
   39     0.034464  0.0000     0.038273  0.0000
   40     0.037114  0.0000     0.040786  0.0000
             ...      ...         ...      ...
  200     4.986092  0.0000     4.991849  0.0000
  

 IMAGE  1 CONVERGED ENERGY (Ry)=     -177.0567585230
 Binding energy =        0.0385624770 Ry =              0.5247 eV

 AFTER ITERATIONS +    0.02 =      18.5 seconds wall (    0.00 usr    0.00 sys)

 atom xc0frc stress term=       40.3873360595
 mat0frc: stripe-parallel, KPSTORE= F
  
 total force contributions(Ry/bohr):
        atom       x force          y force          z force
          1     -0.0017495061     0.0090352595     0.0341098523
          2      0.0004321994    -0.0015667260    -0.0000893980
          3     -0.0031348357    -0.0501482543    -0.0257138925
          4     -0.0013074814     0.0013821510     0.0024830951
          5      0.0004414874     0.0013237833     0.0010578076
          6      0.0014548522     0.0068124307     0.0085082601
          7     -0.0038302935    -0.0075633662    -0.0094650423
          8      0.0047380178     0.0077188398     0.0084055559
          9     -0.0072945306    -0.0030925284     0.0032808311
         10      0.0014115983    -0.0075624678     0.0049365622
         11      0.0066516100     0.0083112071     0.0004878090
         12      0.0018137239    -0.0035604159    -0.0043990856
         13     -0.0001149946    -0.0030579239    -0.0024334037
         14     -0.0083330949    -0.0054877489     0.0004965326
         15      0.0147054273     0.0311978318     0.0165570067
         16     -0.0032563466    -0.0024249086    -0.0045800039
         17      0.0015317946     0.0034934216    -0.0027095796
         18      0.0059630935    -0.0033947305     0.0017993341
         19      0.0026414470     0.0046139716     0.0001257949
         20     -0.0004200992    -0.0024437480     0.0039866541
         21     -0.0013807731    -0.0006980673    -0.0000995496
         22     -0.0024797864     0.0019908637     0.0035796741
         23      0.0023693599     0.0030411058     0.0072449535
         24      0.0021422325     0.0015277773    -0.0071437117
         25     -0.0116765499    -0.0058453646     0.0019822519
         26     -0.0012953505     0.0009304282    -0.0007657997
      f-defect        0.0000232012    -0.0154671790     0.0416425089

 AFTER FORCE RTNS +    1.14 =      19.7 seconds wall (    1.04 usr    0.08 sys)
  
 >>>>> collect image results at master NEB node
 >>>>> GSELECT begins, nslics=           0
 <<<<< GSELECT ends
 >>>>> GSELECT begins, nslics=           0
 <<<<< GSELECT ends
 >>>>> GSELECT begins, nslics=           0
 <<<<< GSELECT ends
 >>>>> GSELECT begins, nslics=           0
 <<<<< GSELECT ends
 >>>>> GSELECT begins, nslics=           0
 <<<<< GSELECT ends
 >>>>> GSELECT begins, nslics=           0
 <<<<< GSELECT ends
 >>>>> GUPDATE begins, nslics=           0
 GUPDATE: Largest relax: atom#, dr(au)=    15    0.024249
 <<<<< GUPDATE ends
 >>>>> GUPDATE begins, nslics=           0
 GUPDATE: Largest relax: atom#, dr(au)=     7    0.072573
 <<<<< GUPDATE ends
 >>>>> GUPDATE begins, nslics=           0
 GUPDATE: Largest relax: atom#, dr(au)=     7    0.063074
 <<<<< GUPDATE ends
 >>>>> GUPDATE begins, nslics=           0
 GUPDATE: Largest relax: atom#, dr(au)=     7    0.019011
 <<<<< GUPDATE ends
 >>>>> GUPDATE begins, nslics=           0
 GUPDATE: Largest relax: atom#, dr(au)=     9    0.030933
 <<<<< GUPDATE ends
 >>>>> GUPDATE begins, nslics=           0
 GUPDATE: Largest relax: atom#, dr(au)=    26    0.011037
 <<<<< GUPDATE ends

 ###############################################################################
   NEW GEOMETRY for image  1, step 409
atom, type, position; image#   1
 AT1          O                -3.5195939383    0.8844278171    4.0108027395 
 AT2          Si               -0.6449186863    0.6180085903    4.6111357445 
 AT3          Si               -6.5157297826    0.6902558633    4.9674753453 
 AT4          C                 1.2120186031    2.4273106092    2.2538221318 
 AT5          C                 3.9191610340    1.9747998388    1.8475097160 
 AT6          H                 0.6194809355    3.7935707680    1.3625675804 
 AT7          H                 4.9936894359    3.1604085048    0.5499582967 
 AT8          H                 4.9855373816    0.7459733669    3.0938204083 
 AT9          Si                1.6670310645   -2.2392659840   -2.9482715540 
 AT10         O                -0.8952047763   -0.6210275462   -3.6328159848 
 AT11         O                 3.9899076582   -0.8024254340   -3.9271366903 
 AT12         Si                7.0480705642   -0.3806233625   -4.0424450483 
 AT13         Si               -3.8266803041   -0.4376933716   -2.7570920498 
 AT14         H                 1.6674100433   -2.1159474626   -0.1914452905 
 AT15         H                -7.0685258184    2.9084498331    6.6514900969 
 AT16         H                -0.1280542352    1.3902115280    7.1543270136 
 AT17         H                -6.8459705154   -1.7065347599    6.4022431811 
 AT18         H                 0.0639187352   -1.9796275783    4.5327495545 
 AT19         H                -5.3957659133   -0.9945730479   -4.8401539601 
 AT20         H                -4.1972817862   -2.2353441938   -0.7745323348 
 AT21         H                -4.4579018110    2.1318702508   -1.9371076971 
 AT22         H                 7.4673172742    2.3749284778   -4.3936306612 
 AT23         H                 8.2465888538   -1.2226202420   -1.6980915342 
 AT24         H                 8.1367828818   -1.8419279841   -6.1526694401 
 AT25         H                 1.4986300097   -4.5013524837   -4.1415647825 
 AT26         H                -8.1386544111    0.7364983265    2.7192339745 
 ###############################################################################

 After geometry   +    4.68 =      24.3 seconds wall (    4.58 usr    0.00 sys)
  
 LATVEC: nlat1c,nlat2c,nlat =           1           1           1

  Atom
  Type  Shell  Min-alf     range
    1        0.129289   8.279963
    2        0.102474   9.300415
    3        0.143749   7.852478
    4        0.073120  11.010095
 Turnover EF->DM npopdm, npop0k=          62          32
 DEV264h/wkmem: perlsolv dist-mem
 DEV/wkmem: KPSTORE= F
 DEV/wkmem: psolv version, input do_psolv= F

 Need       17625-length r*4 array to pack grid wfcns/box
 Need     1717000-length r*4 array to pack all grid wfcns
 Need       25000-length r*4 array for grid wfcns scratch
 WKMEM: using stripe-parallel+Merge  setup
 Minimum maxwkd for scf to complete=    64540268
 All grid wfcns stored in    858500 of 164677332 available
 WKMEM: in-core Broyden! uses    183888 out of 163818832 available
  
 Atom type   1  radial valence charge =    5.999995363882
 Atom type   1      xc valence charge =    6.499995360087
  
 Atom type   2  radial valence charge =    0.999999985299
  
 Atom type   3  radial valence charge =    3.999996877569
  
 Atom type   4  radial valence charge =    3.999999473876
 mat0set: stripe-parallel, KPSTORE= F

   sij compute    +    0.04 =      24.4 seconds wall (    0.02 usr    0.00 sys)

   sij/nlat-bcast +    0.00 =      24.4 seconds wall (    0.00 usr    0.00 sys)

   vlocmat compute+    0.09 =      24.5 seconds wall (    0.06 usr    0.00 sys)

   vlocmii compute+    0.02 =      24.5 seconds wall (    0.00 usr    0.00 sys)

   nlocmat compute+    0.08 =      24.6 seconds wall (    0.04 usr    0.00 sys)
 NLOCMAT: Max neqilat=           1

 After mat0set    +    0.04 =      24.6 seconds wall (    0.00 usr    0.00 sys)

 grid0xc compute+    1.20 =      25.8 seconds wall (    0.91 usr    0.03 sys)

 grid0xc Merge  +    0.34 =      26.1 seconds wall (    0.15 usr    0.15 sys)

 grid0xc Bcast  +    7.05 =      33.2 seconds wall (    0.90 usr    3.02 sys)


 AFTER SETUP PHASE+    4.59 =      37.8 seconds wall (    0.38 usr    0.93 sys)

  
 *************************  iteration   0 begins here  *************************


 Before iterations+    0.08 =      37.9 seconds wall (    0.06 usr    0.01 sys)
  
 grid-integrated up-density total =       31.0002092437
 grid-integrated dn-density total =       31.0002092437
 grid-integrated valence-density total =       62.0004184874
 Harris Fcnal XC piece=       15.1006300581
  
  

 After 0 iteration+    1.19 =      39.1 seconds wall (    1.06 usr    0.11 sys)
 *************************  iteration   1 begins here  *************************


 erlsolv/begin  +    0.03 =      39.1 seconds wall (    0.00 usr    0.00 sys)
 PERLSOLV: kpp-copmatible version

 erlsolv/schroed+    0.05 =      39.1 seconds wall (    0.03 usr    0.00 sys)

 erlsolv/pop    +    0.00 =      39.1 seconds wall (    0.00 usr    0.00 sys)

 erlsolv/dmat compute+    0.00 =      39.1 seconds wall (    0.00 usr    0.00 sys)

 erlsolv/dmat compute+    0.00 =      39.1 seconds wall (    0.00 usr    0.00 sys)

 erlsolv/rhoij  +    0.01 =      39.1 seconds wall (    0.00 usr    0.00 sys)

 spin-up fermi level =   -0.178153 Ry,   gap(0K)= 0.206482 Ry = 2.809 eV
 spin-dn fermi level =   -0.463082 Ry,   gap(0K)= 0.129039 Ry = 1.756 eV

 k-vector:                  1
  weight:               1.000000
            level/UP/occup       level/DN/occup
  
    1    -1.896290  1.0000    -1.895961  1.0000
    2    -1.882816  1.0000    -1.882250  1.0000
    3    -1.837999  1.0000    -1.837679  1.0000
    4    -1.463114  1.0000    -1.391093  1.0000
             ...      ...         ...      ...
   13    -0.810739  1.0000    -0.809911  1.0000
   14    -0.802783  1.0000    -0.798700  1.0000
   15    -0.796841  1.0000    -0.790371  1.0000
   16    -0.784930  1.0000    -0.766205  1.0000
   17    -0.760371  1.0000    -0.754187  1.0000
   18    -0.730993  1.0000    -0.719004  1.0000
   19    -0.714678  1.0000    -0.713940  1.0000
   20    -0.705707  1.0000    -0.704860  1.0000
   21    -0.697941  1.0000    -0.695570  1.0000
   22    -0.656413  1.0000    -0.643747  1.0000
   23    -0.638775  1.0000    -0.627849  1.0000
   24    -0.629115  1.0000    -0.622790  1.0000
   25    -0.594200  1.0000    -0.583144  1.0000
   26    -0.580521  1.0000    -0.573847  1.0000
   27    -0.574008  1.0000    -0.567378  1.0000
   28    -0.568333  1.0000    -0.560658  1.0000
   29    -0.565348  1.0000    -0.550327  1.0000
   30    -0.545876  1.0000    -0.527601  1.0000
   31    -0.525663  1.0000    -0.398562  0.0000
   32    -0.281394  1.0000    -0.100268  0.0000
   33    -0.074912  0.0000    -0.069040  0.0000
   34    -0.051051  0.0000    -0.045472  0.0000
   35    -0.046488  0.0000    -0.035642  0.0000
   36     0.006326  0.0000     0.015668  0.0000
   37     0.018334  0.0000     0.022542  0.0000
   38     0.028530  0.0000     0.033248  0.0000
   39     0.033528  0.0000     0.035241  0.0000
   40     0.043031  0.0000     0.046846  0.0000
             ...      ...         ...      ...
  200     5.083364  0.0000     5.095546  0.0000
  
 delta movement in up-elecs =        4.4398945432
 delta movement in dn-elecs =        4.4461305158
 delta movement in electrons =        7.5315293730

 one-center local charge defect =        -0.00011190

 one-center local charge defect =        -0.00011503

 LMCC local dipole, |dip|=        0.2861048106
 Using LMCC treatment of supercell electrostatics
 DBG/LMCCINT, esns diagnostics redone
 LMCC chemical potential shift(Ry,eV)=       -0.0000003110       -0.0000042315
 LMCC esns total grid integral=        0.3369848915
  
 grid-integrated up-density total =       32.0001084360
 grid-integrated dn-density total =       30.0001087831
 grid-integrated valence-density total =       62.0002172191
  
 TOTAL single particle eigenvalue sum=       -55.0290094000
  
 rms,max scfchange=  5.2594D-03  1.9823D-01 for component#     14756
 electronic meth_bl(BROYDEN)=           1
 EBROYDDJ: in-core history
>>>>> Broyden: first step (elec) simple blend ratio= 0.300000
<<<<< Broyden step complete, scf step=     1

 After blending   +   17.22 =      56.4 seconds wall (    8.14 usr    2.23 sys)
  
 *************************  iteration   2 begins here  *************************


 erlsolv/begin  +    0.08 =      56.4 seconds wall (    0.08 usr    0.00 sys)
 PERLSOLV: kpp-copmatible version

 erlsolv/schroed+    0.04 =      56.5 seconds wall (    0.04 usr    0.00 sys)

 erlsolv/pop    +    0.00 =      56.5 seconds wall (    0.00 usr    0.00 sys)

 erlsolv/dmat compute+    0.00 =      56.5 seconds wall (    0.00 usr   -0.00 sys)

 erlsolv/dmat compute+    0.01 =      56.5 seconds wall (    0.00 usr    0.00 sys)

 erlsolv/rhoij  +    0.00 =      56.5 seconds wall (    0.00 usr    0.00 sys)

 spin-up fermi level =   -0.162723 Ry,   gap(0K)= 0.189639 Ry = 2.580 eV
 spin-dn fermi level =   -0.441294 Ry,   gap(0K)= 0.142567 Ry = 1.940 eV
  
 delta movement in up-elecs =        4.3664157940
 delta movement in dn-elecs =        4.3957043526
 delta movement in electrons =        7.4135385865

 one-center local charge defect =        -0.00011046

 one-center local charge defect =        -0.00011366

 LMCC local dipole, |dip|=        0.2195707747
 Using LMCC treatment of supercell electrostatics
 DBG/LMCCINT, esns diagnostics redone
 LMCC chemical potential shift(Ry,eV)=       -0.0000001754       -0.0000023865
 LMCC esns total grid integral=        0.3068614332
  
 grid-integrated up-density total =       32.0001080689
 grid-integrated dn-density total =       30.0001096052
 grid-integrated valence-density total =       62.0002176742
  
 TOTAL single particle eigenvalue sum=       -54.0754081733
  
 rms,max scfchange=  1.9753D-03  8.6138D-02 for component#     14756
 electronic meth_bl(BROYDEN)=           1
>>>>> Broyden blend to get next step - elec
<<<<< Broyden step complete, scf step=     2

 After blending   +   17.00 =      73.5 seconds wall (    7.99 usr    2.48 sys)
  
 *************************  iteration   3 begins here  *************************


 erlsolv/begin  +    0.01 =      73.5 seconds wall (    0.01 usr    0.00 sys)
 PERLSOLV: kpp-copmatible version

 erlsolv/schroed+    0.03 =      73.5 seconds wall (    0.03 usr    0.00 sys)

 erlsolv/pop    +    0.00 =      73.5 seconds wall (    0.00 usr    0.00 sys)

 erlsolv/dmat compute+    0.00 =      73.5 seconds wall (    0.00 usr    0.00 sys)

 erlsolv/dmat compute+    0.01 =      73.5 seconds wall (    0.00 usr    0.00 sys)

 erlsolv/rhoij  +    0.01 =      73.5 seconds wall (    0.00 usr    0.00 sys)

 spin-up fermi level =   -0.155595 Ry,   gap(0K)= 0.182472 Ry = 2.483 eV
 spin-dn fermi level =   -0.430407 Ry,   gap(0K)= 0.149308 Ry = 2.031 eV
  
 delta movement in up-elecs =        4.3529477382
 delta movement in dn-elecs =        4.3839992750
 delta movement in electrons =        7.3920607500

 one-center local charge defect =        -0.00010961

 one-center local charge defect =        -0.00011305

 LMCC local dipole, |dip|=        0.2201838995
 Using LMCC treatment of supercell electrostatics
 DBG/LMCCINT, esns diagnostics redone
 LMCC chemical potential shift(Ry,eV)=       -0.0000001074       -0.0000014615
 LMCC esns total grid integral=        0.2990153076
  
 grid-integrated up-density total =       32.0001084829
 grid-integrated dn-density total =       30.0001110986
 grid-integrated valence-density total =       62.0002195815
  
 TOTAL single particle eigenvalue sum=       -53.6281344050
  
 rms,max scfchange=  4.4260D-04  2.0858D-02 for component#     14756
 ######################  ENERGY ANALYSIS  #######################
    Spherical-atom es ENERGY correction =      -134.2381568911
    Full spherical atom trace ENERGY =          -79.6207743773
    Spherical-atom-Vxc trace ENERGY =            88.8317327201
    non-spherical es ENERGY =                     0.2990217067
    Total Exc ENERGY =                          -52.1920085172

    total kinetic trace ENERGY =          124.8322322672
    non-local ps-pot trace ENERGY =        21.3896066151
    total electrostatic ENERGY =         -270.9500157239
    Total Vxc ENERGY =                    -67.6366883903

    TOTAL ENERGY (Rydberg) =                   -176.9201853588

 ################################################################

 After blending   +   15.59 =      89.1 seconds wall (    8.35 usr    2.25 sys)
  
 >>>>> self-consistency achieved, iteration   3


 Final GAP(eV)=  2.4827 (up),  2.0315 (dn)

 spin-up fermi level =   -0.155595 Ry,   gap(0K)= 0.182472 Ry = 2.483 eV
 spin-dn fermi level =   -0.430407 Ry,   gap(0K)= 0.149308 Ry = 2.031 eV

 k-vector:                  1
  weight:               1.000000
            level/UP/occup       level/DN/occup
  
    1    -1.883263  1.0000    -1.882804  1.0000
    2    -1.843136  1.0000    -1.842814  1.0000
    3    -1.806710  1.0000    -1.806256  1.0000
    4    -1.413750  1.0000    -1.336738  1.0000
             ...      ...         ...      ...
   13    -0.794649  1.0000    -0.793729  1.0000
   14    -0.785205  1.0000    -0.781471  1.0000
   15    -0.771118  1.0000    -0.763630  1.0000
   16    -0.747555  1.0000    -0.736480  1.0000
   17    -0.732531  1.0000    -0.722478  1.0000
   18    -0.705750  1.0000    -0.699939  1.0000
   19    -0.699250  1.0000    -0.693845  1.0000
   20    -0.694351  1.0000    -0.690889  1.0000
   21    -0.677605  1.0000    -0.675597  1.0000
   22    -0.638251  1.0000    -0.628810  1.0000
   23    -0.621318  1.0000    -0.617001  1.0000
   24    -0.615126  1.0000    -0.606740  1.0000
   25    -0.582482  1.0000    -0.579809  1.0000
   26    -0.566486  1.0000    -0.560560  1.0000
   27    -0.557935  1.0000    -0.548989  1.0000
   28    -0.546608  1.0000    -0.533816  1.0000
   29    -0.544490  1.0000    -0.526439  1.0000
   30    -0.518593  1.0000    -0.505061  1.0000
   31    -0.503850  1.0000    -0.355753  0.0000
   32    -0.246831  1.0000    -0.077717  0.0000
   33    -0.064359  0.0000    -0.058731  0.0000
   34    -0.047760  0.0000    -0.039621  0.0000
   35    -0.036294  0.0000    -0.020219  0.0000
   36     0.019729  0.0000     0.026571  0.0000
   37     0.026306  0.0000     0.032126  0.0000
   38     0.036883  0.0000     0.040224  0.0000
   39     0.039135  0.0000     0.041333  0.0000
   40     0.047119  0.0000     0.051544  0.0000
             ...      ...         ...      ...
  200     5.109154  0.0000     5.116797  0.0000
  

 IMAGE  1 CONVERGED ENERGY (Ry)=     -176.9201853588
 Binding energy =        0.1751356412 Ry =              2.3829 eV

 AFTER ITERATIONS +    0.01 =      89.1 seconds wall (    0.00 usr    0.00 sys)

 atom xc0frc stress term=       40.3873360595
 mat0frc: stripe-parallel, KPSTORE= F
  
 total force contributions(Ry/bohr):
        atom       x force          y force          z force
          1     -0.1452836727     0.0295301609    -0.0221358820
          2      0.1164878337     0.0227502606    -0.0318175106
          3      0.0124216720     0.0058822025     0.0176935848
          4      0.0700526425    -0.2795850581     0.2107828277
          5      0.0794870986    -0.0186617882    -0.0132382613
          6     -0.1482415920     0.3017684119    -0.1849263786
          7     -0.0010905418    -0.0053747952    -0.0025997472
          8      0.0073881300     0.0029247317     0.0077873554
          9     -0.1235755063     0.0255501626     0.0999667112
         10      0.0320895937     0.0215716695    -0.0384229765
         11      0.1168531145     0.0665031767    -0.0762976148
         12      0.0249506391     0.0182318882    -0.0073322007
         13     -0.0022910107     0.0274706991     0.0206765343
         14      0.0065060325    -0.0199106775     0.0265432263
         15     -0.0001576370    -0.0071242183    -0.0062949430
         16      0.0121450429     0.0202638364     0.0520203459
         17     -0.0031277282    -0.0017858448     0.0001272249
         18      0.0217173270    -0.0546976081    -0.0048729009
         19     -0.0404005313    -0.0189143744    -0.0498800009
         20     -0.0161148176    -0.0313389271     0.0367677089
         21     -0.0019510423     0.0190562829     0.0094982909
         22      0.0047365109     0.0017928810    -0.0030814701
         23      0.0078158407    -0.0070363667     0.0170589854
         24      0.0050182121    -0.0059984815    -0.0114903279
         25     -0.0065831493    -0.1117415774    -0.0460964482
         26     -0.0118588060     0.0004968288    -0.0135815940
      f-defect        0.0169936553     0.0016234757    -0.0131454609

 AFTER FORCE RTNS +    1.08 =      90.2 seconds wall (    1.03 usr    0.04 sys)
  
 >>>>> collect image results at master NEB node
 >>>>> GSELECT begins, nslics=           0
 <<<<< GSELECT ends
 >>>>> GSELECT begins, nslics=           0
 <<<<< GSELECT ends
 >>>>> GSELECT begins, nslics=           0
 <<<<< GSELECT ends
 >>>>> GSELECT begins, nslics=           0
 <<<<< GSELECT ends
 >>>>> GSELECT begins, nslics=           0
 <<<<< GSELECT ends
 >>>>> GSELECT begins, nslics=           0
 <<<<< GSELECT ends
 >>>>> GUPDATE begins, nslics=           0
 GUPDATE: Largest relax: atom#, dr(au)=     2    0.062143
 <<<<< GUPDATE ends
 >>>>> GUPDATE begins, nslics=           0
 GUPDATE: Largest relax: atom#, dr(au)=     6    0.343024
 <<<<< GUPDATE ends
 >>>>> GUPDATE begins, nslics=           0
 GUPDATE: Largest relax: atom#, dr(au)=     6    0.719407
 <<<<< GUPDATE ends
 >>>>> GUPDATE begins, nslics=           0
 GUPDATE: Largest relax: atom#, dr(au)=    25    0.235143
 <<<<< GUPDATE ends
 >>>>> GUPDATE begins, nslics=           0
 GUPDATE: Largest relax: atom#, dr(au)=     4    0.469138
 <<<<< GUPDATE ends
 >>>>> GUPDATE begins, nslics=           0
 GUPDATE: Largest relax: atom#, dr(au)=    14    0.306399
 <<<<< GUPDATE ends

 ###############################################################################
   NEW GEOMETRY for image  1, step 410
atom, type, position; image#   1
 AT1          O                -3.5196247100    0.8844303601    4.0107974150 
 AT2          Si               -0.5855237147    0.6315226386    4.5988345280 
 AT3          Si               -6.5091746295    0.6874137440    4.9696075286 
 AT4          C                 1.2138112303    2.4205225969    2.2591671936 
 AT5          C                 3.9191711740    1.9747966111    1.8475067022 
 AT6          H                 0.6143472551    3.8056943013    1.3562882329 
 AT7          H                 4.9904682162    3.1571540776    0.5458538894 
 AT8          H                 4.9856025945    0.7459913773    3.0937774584 
 AT9          Si                1.6260801432   -2.2266278210   -2.9106861404 
 AT10         O                -0.8950860860   -0.6209010380   -3.6329245760 
 AT11         O                 3.9908235325   -0.8019828553   -3.9276976251 
 AT12         Si                7.0491791418   -0.3801152226   -4.0434603703 
 AT13         Si               -3.8267081625   -0.4366488073   -2.7568380658 
 AT14         H                 1.6673632629   -2.1157446130   -0.1912152384 
 AT15         H                -7.0680850781    2.9006862111    6.6445064640 
 AT16         H                -0.1280565925    1.3902566122    7.1543938155 
 AT17         H                -6.8458560060   -1.7068727770    6.4020318282 
 AT18         H                 0.0655124047   -1.9813349251    4.5333853659 
 AT19         H                -5.3958002930   -0.9945681103   -4.8402586539 
 AT20         H                -4.1996260234   -2.2382495699   -0.7734745583 
 AT21         H                -4.4579061482    2.1318812998   -1.9371065468 
 AT22         H                 7.4672411772    2.3748378773   -4.3937662081 
 AT23         H                 8.2465907847   -1.2226235773   -1.6980915342 
 AT24         H                 8.1348786938   -1.8443305895   -6.1553773140 
 AT25         H                 1.4966073137   -4.5115112997   -4.1420617294 
 AT26         H                -8.1384115829    0.7358767785    2.7182131780 
 ###############################################################################

 After geometry   +   69.14 =     159.4 seconds wall (   68.24 usr    0.02 sys)
  
 LATVEC: nlat1c,nlat2c,nlat =           1           1           1

  Atom
  Type  Shell  Min-alf     range
    1        0.129289   8.279963
    2        0.102474   9.300415
    3        0.143749   7.852478
    4        0.073120  11.010095
 Turnover EF->DM npopdm, npop0k=          62          32
 DEV264h/wkmem: perlsolv dist-mem
 DEV/wkmem: KPSTORE= F
 DEV/wkmem: psolv version, input do_psolv= F

 Need       17625-length r*4 array to pack grid wfcns/box
 Need     1716375-length r*4 array to pack all grid wfcns
 Need       25000-length r*4 array for grid wfcns scratch
 WKMEM: using stripe-parallel+Merge  setup
 Minimum maxwkd for scf to complete=    64540268
 All grid wfcns stored in    858188 of 164677332 available
 WKMEM: in-core Broyden! uses    183888 out of 163819144 available
  
 Atom type   1  radial valence charge =    5.999995363882
 Atom type   1      xc valence charge =    6.499995360087
  
 Atom type   2  radial valence charge =    0.999999985299
  
 Atom type   3  radial valence charge =    3.999996877569
  
 Atom type   4  radial valence charge =    3.999999473876
 mat0set: stripe-parallel, KPSTORE= F

   sij compute    +    0.01 =     159.4 seconds wall (    0.01 usr    0.00 sys)

   sij/nlat-bcast +    0.04 =     159.4 seconds wall (    0.04 usr    0.00 sys)

   vlocmat compute+    0.05 =     159.5 seconds wall (    0.06 usr    0.00 sys)

   vlocmii compute+    0.01 =     159.5 seconds wall (    0.00 usr    0.00 sys)

   nlocmat compute+    0.07 =     159.5 seconds wall (    0.07 usr    0.00 sys)
 NLOCMAT: Max neqilat=           1

 After mat0set    +    0.02 =     159.6 seconds wall (    0.01 usr    0.00 sys)

 grid0xc compute+    1.22 =     160.8 seconds wall (    1.16 usr    0.05 sys)

 grid0xc Merge  +    0.09 =     160.9 seconds wall (    0.00 usr    0.09 sys)

 grid0xc Bcast  +    0.54 =     161.4 seconds wall (    0.54 usr    0.00 sys)


 AFTER SETUP PHASE+    5.72 =     167.1 seconds wall (    0.57 usr    1.08 sys)

  
 *************************  iteration   0 begins here  *************************


 Before iterations+    0.09 =     167.2 seconds wall (    0.08 usr    0.01 sys)
  
 grid-integrated up-density total =       31.0002082621
 grid-integrated dn-density total =       31.0002082621
 grid-integrated valence-density total =       62.0004165242
 Harris Fcnal XC piece=       15.0969224738
  
  

 After 0 iteration+    1.07 =     168.3 seconds wall (    0.95 usr    0.11 sys)
 *************************  iteration   1 begins here  *************************


 erlsolv/begin  +    0.01 =     168.3 seconds wall (    0.00 usr    0.00 sys)
 PERLSOLV: kpp-copmatible version

 erlsolv/schroed+    0.04 =     168.3 seconds wall (    0.02 usr    0.00 sys)

 erlsolv/pop    +    0.00 =     168.3 seconds wall (    0.00 usr   -0.00 sys)

 erlsolv/dmat compute+    0.00 =     168.3 seconds wall (    0.00 usr    0.00 sys)

 erlsolv/dmat compute+    0.00 =     168.3 seconds wall (    0.00 usr    0.00 sys)

 erlsolv/rhoij  +    0.01 =     168.3 seconds wall (    0.00 usr    0.00 sys)

 spin-up fermi level =   -0.156841 Ry,   gap(0K)= 0.184955 Ry = 2.516 eV
 spin-dn fermi level =   -0.433000 Ry,   gap(0K)= 0.148413 Ry = 2.019 eV

 k-vector:                  1
  weight:               1.000000
            level/UP/occup       level/DN/occup
  
    1    -1.872728  1.0000    -1.872267  1.0000
    2    -1.828232  1.0000    -1.827909  1.0000
    3    -1.812741  1.0000    -1.812286  1.0000
    4    -1.415207  1.0000    -1.338058  1.0000
             ...      ...         ...      ...
   13    -0.790824  1.0000    -0.789951  1.0000
   14    -0.783940  1.0000    -0.779904  1.0000
   15    -0.766804  1.0000    -0.759466  1.0000
   16    -0.744734  1.0000    -0.731188  1.0000
   17    -0.727101  1.0000    -0.718565  1.0000
   18    -0.702013  1.0000    -0.699023  1.0000
   19    -0.698342  1.0000    -0.692995  1.0000
   20    -0.693491  1.0000    -0.688498  1.0000
   21    -0.678932  1.0000    -0.676638  1.0000
   22    -0.639119  1.0000    -0.629469  1.0000
   23    -0.622427  1.0000    -0.617053  1.0000
   24    -0.617221  1.0000    -0.608085  1.0000
   25    -0.579180  1.0000    -0.576088  1.0000
   26    -0.563295  1.0000    -0.558454  1.0000
   27    -0.558482  1.0000    -0.551675  1.0000
   28    -0.549264  1.0000    -0.534676  1.0000
   29    -0.543693  1.0000    -0.524921  1.0000
   30    -0.516325  1.0000    -0.507206  1.0000
   31    -0.507017  1.0000    -0.358793  0.0000
   32    -0.249319  1.0000    -0.079747  0.0000
   33    -0.064364  0.0000    -0.058485  0.0000
   34    -0.046939  0.0000    -0.039085  0.0000
   35    -0.036398  0.0000    -0.021330  0.0000
   36     0.018548  0.0000     0.026763  0.0000
   37     0.026473  0.0000     0.030891  0.0000
   38     0.038306  0.0000     0.040772  0.0000
   39     0.039141  0.0000     0.042128  0.0000
   40     0.047294  0.0000     0.051546  0.0000
             ...      ...         ...      ...
  200     5.114979  0.0000     5.124300  0.0000
  
 delta movement in up-elecs =        4.3363168072
 delta movement in dn-elecs =        4.3789387009
 delta movement in electrons =        7.3763323354

 one-center local charge defect =        -0.00010858

 one-center local charge defect =        -0.00011338

 LMCC local dipole, |dip|=        0.2827145458
 Using LMCC treatment of supercell electrostatics
 DBG/LMCCINT, esns diagnostics redone
 LMCC chemical potential shift(Ry,eV)=       -0.0000000758       -0.0000010312
 LMCC esns total grid integral=        0.2941388125
  
 grid-integrated up-density total =       32.0001092243
 grid-integrated dn-density total =       30.0001140010
 grid-integrated valence-density total =       62.0002232253
  
 TOTAL single particle eigenvalue sum=       -53.5274492841
  
 rms,max scfchange=  6.4242D-04  2.5868D-02 for component#     60611
 ######################  ENERGY ANALYSIS  #######################
    Spherical-atom es ENERGY correction =      -134.3579732996
    Full spherical atom trace ENERGY =          -79.4067500749
    Spherical-atom-Vxc trace ENERGY =            88.6840924396
    non-spherical es ENERGY =                     0.2941455378
    Total Exc ENERGY =                          -52.1571363813

    total kinetic trace ENERGY =          124.6560538966
    non-local ps-pot trace ENERGY =        21.3712675339
    total electrostatic ENERGY =         -270.8138068276
    Total Vxc ENERGY =                    -67.5914636868

    TOTAL ENERGY (Rydberg) =                   -176.9436217784

 ################################################################

 After blending   +   14.28 =     182.6 seconds wall (    8.24 usr    2.37 sys)
  
 >>>>> self-consistency achieved, iteration   1


 Final GAP(eV)=  2.5165 (up),  2.0193 (dn)

 spin-up fermi level =   -0.156841 Ry,   gap(0K)= 0.184955 Ry = 2.516 eV
 spin-dn fermi level =   -0.433000 Ry,   gap(0K)= 0.148413 Ry = 2.019 eV

 k-vector:                  1
  weight:               1.000000
            level/UP/occup       level/DN/occup
  
    1    -1.872728  1.0000    -1.872267  1.0000
    2    -1.828232  1.0000    -1.827909  1.0000
    3    -1.812741  1.0000    -1.812286  1.0000
    4    -1.415207  1.0000    -1.338058  1.0000
             ...      ...         ...      ...
   13    -0.790824  1.0000    -0.789951  1.0000
   14    -0.783940  1.0000    -0.779904  1.0000
   15    -0.766804  1.0000    -0.759466  1.0000
   16    -0.744734  1.0000    -0.731188  1.0000
   17    -0.727101  1.0000    -0.718565  1.0000
   18    -0.702013  1.0000    -0.699023  1.0000
   19    -0.698342  1.0000    -0.692995  1.0000
   20    -0.693491  1.0000    -0.688498  1.0000
   21    -0.678932  1.0000    -0.676638  1.0000
   22    -0.639119  1.0000    -0.629469  1.0000
   23    -0.622427  1.0000    -0.617053  1.0000
   24    -0.617221  1.0000    -0.608085  1.0000
   25    -0.579180  1.0000    -0.576088  1.0000
   26    -0.563295  1.0000    -0.558454  1.0000
   27    -0.558482  1.0000    -0.551675  1.0000
   28    -0.549264  1.0000    -0.534676  1.0000
   29    -0.543693  1.0000    -0.524921  1.0000
   30    -0.516325  1.0000    -0.507206  1.0000
   31    -0.507017  1.0000    -0.358793  0.0000
   32    -0.249319  1.0000    -0.079747  0.0000
   33    -0.064364  0.0000    -0.058485  0.0000
   34    -0.046939  0.0000    -0.039085  0.0000
   35    -0.036398  0.0000    -0.021330  0.0000
   36     0.018548  0.0000     0.026763  0.0000
   37     0.026473  0.0000     0.030891  0.0000
   38     0.038306  0.0000     0.040772  0.0000
   39     0.039141  0.0000     0.042128  0.0000
   40     0.047294  0.0000     0.051546  0.0000
             ...      ...         ...      ...
  200     5.114979  0.0000     5.124300  0.0000
  

 IMAGE  1 CONVERGED ENERGY (Ry)=     -176.9436217784
 Binding energy =        0.1516992216 Ry =              2.0640 eV

 AFTER ITERATIONS +    0.03 =     182.6 seconds wall (    0.00 usr    0.00 sys)

 atom xc0frc stress term=       40.3873360595
 mat0frc: stripe-parallel, KPSTORE= F
  
 total force contributions(Ry/bohr):
        atom       x force          y force          z force
          1     -0.0984676891     0.0262172543    -0.0169615051
          2      0.0608475543     0.0169948265    -0.0284772738
          3      0.0118453866     0.0047031219     0.0140449546
          4      0.0631745082    -0.2378546156     0.1810794693
          5      0.0825082508    -0.0195027938    -0.0125819670
          6     -0.1339119847     0.2673929409    -0.1621606401
          7     -0.0014256912    -0.0060806036    -0.0019194946
          8      0.0069104608     0.0047656303     0.0059988712
          9     -0.0793352924     0.0161663182     0.0655168059
         10      0.0182000987     0.0295870512    -0.0387329581
         11      0.0866849496     0.0494017128    -0.0634644815
         12      0.0224471940     0.0164406425    -0.0069146493
         13     -0.0049270081     0.0266013517     0.0214227088
         14      0.0057367880    -0.0187446622     0.0389570169
         15     -0.0014317855    -0.0035189152    -0.0030363734
         16      0.0135193089     0.0207001343     0.0519490459
         17     -0.0037891354    -0.0040668275     0.0016921480
         18      0.0226840433    -0.0529327747    -0.0053041595
         19     -0.0392843103    -0.0186531799    -0.0491322258
         20     -0.0154190589    -0.0294682865     0.0347495884
         21     -0.0015029838     0.0184137564     0.0092549853
         22      0.0053432283     0.0030521783    -0.0032795303
         23      0.0088084481    -0.0070724550     0.0175444525
         24      0.0059205320    -0.0063353007    -0.0121488921
         25     -0.0055040243    -0.0948310805    -0.0359097576
         26     -0.0117350955     0.0003620874    -0.0129247390
      f-defect        0.0178966925     0.0017375114    -0.0107386005

 AFTER FORCE RTNS +    0.98 =     183.6 seconds wall (    0.90 usr    0.05 sys)
  
 >>>>> collect image results at master NEB node
 >>>>> GSELECT begins, nslics=           0
 <<<<< GSELECT ends
 >>>>> GSELECT begins, nslics=           0
 <<<<< GSELECT ends
 >>>>> GSELECT begins, nslics=           0
 <<<<< GSELECT ends
 >>>>> GSELECT begins, nslics=           0
 <<<<< GSELECT ends
 >>>>> GSELECT begins, nslics=           0
 <<<<< GSELECT ends
 >>>>> GSELECT begins, nslics=           0
 <<<<< GSELECT ends
 >>>>> GUPDATE begins, nslics=           0
 GUPDATE: Largest relax: atom#, dr(au)=     2    0.094788
 <<<<< GUPDATE ends
 >>>>> GUPDATE begins, nslics=           0
 GUPDATE: Largest relax: atom#, dr(au)=     6    0.399284
 <<<<< GUPDATE ends
 >>>>> GUPDATE begins, nslics=           0
 GUPDATE: Largest relax: atom#, dr(au)=     9    0.277867
 <<<<< GUPDATE ends
 >>>>> GUPDATE begins, nslics=           0
 GUPDATE: Largest relax: atom#, dr(au)=     6    0.577738
 <<<<< GUPDATE ends
 >>>>> GUPDATE begins, nslics=           0
 GUPDATE: Largest relax: atom#, dr(au)=    14    0.360936
 <<<<< GUPDATE ends
 >>>>> GUPDATE begins, nslics=           0
 GUPDATE: Largest relax: atom#, dr(au)=    14    0.225024
 <<<<< GUPDATE ends

 ###############################################################################
   NEW GEOMETRY for image  1, step 411
atom, type, position; image#   1
 AT1          O                -3.5202057781    0.8845055867    4.0106817486 
 AT2          Si               -0.5005865098    0.6595327060    4.5674351033 
 AT3          Si               -6.4988570054    0.6833083612    4.9725096878 
 AT4          C                 1.2173042546    2.4078924649    2.2691152379 
 AT5          C                 3.9215637731    1.9740816942    1.8469114700 
 AT6          H                 0.6043068902    3.8290508989    1.3443408123 
 AT7          H                 4.9852099233    3.1512003387    0.5386890067 
 AT8          H                 4.9857143926    0.7460850880    3.0937188886 
 AT9          Si                1.5609359826   -2.2051138131   -2.8481146105 
 AT10         O                -0.8946311447   -0.6199471255   -3.6336860226 
 AT11         O                 3.9923581007   -0.8012497783   -3.9287601086 
 AT12         Si                7.0513331830   -0.3790163426   -4.0452169599 
 AT13         Si               -3.8272086671   -0.4321266822   -2.7552491636 
 AT14         H                 1.6669983121   -2.1141869034   -0.1882924269 
 AT15         H                -7.0682737850    2.8861264699    6.6314324443 
 AT16         H                -0.1280296378    1.3906184821    7.1549724912 
 AT17         H                -6.8450163508   -1.7107975435    6.4002604321 
 AT18         H                 0.0684300642   -1.9847660391    4.5342495230 
 AT19         H                -5.3978118982   -0.9946530476   -4.8453931894 
 AT20         H                -4.2037916392   -2.2436899361   -0.7706875451 
 AT21         H                -4.4581490653    2.1326064478   -1.9369870693 
 AT22         H                 7.4670048756    2.3745432234   -4.3943779689 
 AT23         H                 8.2466524902   -1.2227108510   -1.6980521178 
 AT24         H                 8.1322747290   -1.8487321346   -6.1606894609 
 AT25         H                 1.4931678053   -4.5298340489   -4.1427351542 
 AT26         H                -8.1348138496    0.7204672433    2.6907212334 
 ###############################################################################

 After geometry   +   63.92 =     247.5 seconds wall (   63.52 usr    0.01 sys)
  
 LATVEC: nlat1c,nlat2c,nlat =           1           1           1

  Atom
  Type  Shell  Min-alf     range
    1        0.129289   8.279963
    2        0.102474   9.300415
    3        0.143749   7.852478
    4        0.073120  11.010095
 Turnover EF->DM npopdm, npop0k=          62          32
 DEV264h/wkmem: perlsolv dist-mem
 DEV/wkmem: KPSTORE= F
 DEV/wkmem: psolv version, input do_psolv= F

 Need       17625-length r*4 array to pack grid wfcns/box
 Need     1716750-length r*4 array to pack all grid wfcns
 Need       25000-length r*4 array for grid wfcns scratch
 WKMEM: using stripe-parallel+Merge  setup
 Minimum maxwkd for scf to complete=    64540268
 All grid wfcns stored in    858375 of 164677332 available
 WKMEM: in-core Broyden! uses    183888 out of 163818957 available
  
 Atom type   1  radial valence charge =    5.999995363882
 Atom type   1      xc valence charge =    6.499995360087
  
 Atom type   2  radial valence charge =    0.999999985299
  
 Atom type   3  radial valence charge =    3.999996877569
  
 Atom type   4  radial valence charge =    3.999999473876
 mat0set: stripe-parallel, KPSTORE= F

   sij compute    +    0.02 =     247.6 seconds wall (    0.02 usr    0.01 sys)

   sij/nlat-bcast +    0.03 =     247.6 seconds wall (    0.03 usr    0.00 sys)

   vlocmat compute+    0.05 =     247.7 seconds wall (    0.06 usr    0.00 sys)

   vlocmii compute+    0.01 =     247.7 seconds wall (    0.00 usr    0.00 sys)

   nlocmat compute+    0.07 =     247.7 seconds wall (    0.07 usr    0.00 sys)
 NLOCMAT: Max neqilat=           1

 After mat0set    +    0.02 =     247.8 seconds wall (    0.02 usr    0.00 sys)

 grid0xc compute+    1.23 =     249.0 seconds wall (    1.18 usr    0.04 sys)

 grid0xc Merge  +    0.12 =     249.1 seconds wall (    0.00 usr    0.11 sys)

 grid0xc Bcast  +    0.61 =     249.7 seconds wall (    0.61 usr    0.00 sys)


 AFTER SETUP PHASE+    5.42 =     255.1 seconds wall (    0.48 usr    0.97 sys)

  
 *************************  iteration   0 begins here  *************************


 Before iterations+    0.07 =     255.2 seconds wall (    0.06 usr    0.01 sys)
  
 grid-integrated up-density total =       31.0002187544
 grid-integrated dn-density total =       31.0002187544
 grid-integrated valence-density total =       62.0004375087
 Harris Fcnal XC piece=       15.0902557613
  
  

 After 0 iteration+    1.16 =     256.4 seconds wall (    1.03 usr    0.12 sys)
 *************************  iteration   1 begins here  *************************


 erlsolv/begin  +    0.01 =     256.4 seconds wall (    0.00 usr    0.00 sys)
 PERLSOLV: kpp-copmatible version

 erlsolv/schroed+    0.06 =     256.4 seconds wall (    0.02 usr    0.00 sys)

 erlsolv/pop    +    0.00 =     256.4 seconds wall (    0.00 usr    0.00 sys)

 erlsolv/dmat compute+    0.00 =     256.4 seconds wall (    0.00 usr    0.00 sys)

 erlsolv/dmat compute+    0.01 =     256.4 seconds wall (    0.00 usr    0.00 sys)

 erlsolv/rhoij  +    0.00 =     256.4 seconds wall (    0.00 usr    0.00 sys)

 spin-up fermi level =   -0.159525 Ry,   gap(0K)= 0.189767 Ry = 2.582 eV
 spin-dn fermi level =   -0.436035 Ry,   gap(0K)= 0.144239 Ry = 1.962 eV

 k-vector:                  1
  weight:               1.000000
            level/UP/occup       level/DN/occup
  
    1    -1.861360  1.0000    -1.860904  1.0000
    2    -1.818212  1.0000    -1.817749  1.0000
    3    -1.810126  1.0000    -1.809795  1.0000
    4    -1.417768  1.0000    -1.341131  1.0000
             ...      ...         ...      ...
   13    -0.789619  1.0000    -0.787566  1.0000
   14    -0.778942  1.0000    -0.775752  1.0000
   15    -0.759812  1.0000    -0.752491  1.0000
   16    -0.741581  1.0000    -0.725357  1.0000
   17    -0.719948  1.0000    -0.713055  1.0000
   18    -0.698095  1.0000    -0.697256  1.0000
   19    -0.695153  1.0000    -0.691998  1.0000
   20    -0.692290  1.0000    -0.684489  1.0000
   21    -0.680546  1.0000    -0.677566  1.0000
   22    -0.639442  1.0000    -0.629276  1.0000
   23    -0.625147  1.0000    -0.616173  1.0000
   24    -0.619068  1.0000    -0.611430  1.0000
   25    -0.574111  1.0000    -0.570096  1.0000
   26    -0.561542  1.0000    -0.558530  1.0000
   27    -0.557480  1.0000    -0.552334  1.0000
   28    -0.552072  1.0000    -0.534504  1.0000
   29    -0.540596  1.0000    -0.521832  1.0000
   30    -0.511454  1.0000    -0.508155  1.0000
   31    -0.510286  1.0000    -0.363916  0.0000
   32    -0.254408  1.0000    -0.084200  0.0000
   33    -0.064641  0.0000    -0.058395  0.0000
   34    -0.046015  0.0000    -0.038408  0.0000
   35    -0.037056  0.0000    -0.023834  0.0000
   36     0.015635  0.0000     0.024381  0.0000
   37     0.026369  0.0000     0.030166  0.0000
   38     0.037746  0.0000     0.039711  0.0000
   39     0.042100  0.0000     0.045242  0.0000
   40     0.047470  0.0000     0.051631  0.0000
             ...      ...         ...      ...
  200     5.113777  0.0000     5.143158  0.0000
  
 delta movement in up-elecs =        4.3202850532
 delta movement in dn-elecs =        4.3785651264
 delta movement in electrons =        7.3736583036

 one-center local charge defect =        -0.00011326

 one-center local charge defect =        -0.00012069

 LMCC local dipole, |dip|=        0.3860681926
 Using LMCC treatment of supercell electrostatics
 DBG/LMCCINT, esns diagnostics redone
 LMCC chemical potential shift(Ry,eV)=       -0.0000000053       -0.0000000719
 LMCC esns total grid integral=        0.2904851342
  
 grid-integrated up-density total =       32.0001167356
 grid-integrated dn-density total =       30.0001251750
 grid-integrated valence-density total =       62.0002419106
  
 TOTAL single particle eigenvalue sum=       -53.3811731160
  
 rms,max scfchange=  1.7221D-03  5.5574D-02 for component#     60611
 electronic meth_bl(BROYDEN)=           1
>>>>> Broyden: first step (elec) simple blend ratio= 0.300000
<<<<< Broyden step complete, scf step=     1

 After blending   +   15.02 =     271.5 seconds wall (    7.80 usr    2.51 sys)
  
 *************************  iteration   2 begins here  *************************


 erlsolv/begin  +    0.01 =     271.5 seconds wall (    0.00 usr    0.00 sys)
 PERLSOLV: kpp-copmatible version

 erlsolv/schroed+    0.04 =     271.5 seconds wall (    0.03 usr    0.00 sys)

 erlsolv/pop    +    0.00 =     271.5 seconds wall (    0.00 usr    0.00 sys)

 erlsolv/dmat compute+    0.00 =     271.5 seconds wall (    0.00 usr    0.00 sys)

 erlsolv/dmat compute+    0.00 =     271.5 seconds wall (    0.00 usr    0.00 sys)

 erlsolv/rhoij  +    0.01 =     271.5 seconds wall (    0.00 usr    0.00 sys)

 spin-up fermi level =   -0.163480 Ry,   gap(0K)= 0.200409 Ry = 2.727 eV
 spin-dn fermi level =   -0.441308 Ry,   gap(0K)= 0.136697 Ry = 1.860 eV
  
 delta movement in up-elecs =        4.3383833432
 delta movement in dn-elecs =        4.3792970651
 delta movement in electrons =        7.3857160859

 one-center local charge defect =        -0.00011369

 one-center local charge defect =        -0.00012146

 LMCC local dipole, |dip|=        0.3451871408
 Using LMCC treatment of supercell electrostatics
 DBG/LMCCINT, esns diagnostics redone
 LMCC chemical potential shift(Ry,eV)=        0.0000000219        0.0000002978
 LMCC esns total grid integral=        0.2933203938
  
 grid-integrated up-density total =       32.0001171056
 grid-integrated dn-density total =       30.0001257976
 grid-integrated valence-density total =       62.0002429032
  
 TOTAL single particle eigenvalue sum=       -53.5027065921
  
 rms,max scfchange=  6.2413D-04  2.2005D-02 for component#     65832
 ######################  ENERGY ANALYSIS  #######################
    Spherical-atom es ENERGY correction =      -134.5240927375
    Full spherical atom trace ENERGY =          -79.0840282355
    Spherical-atom-Vxc trace ENERGY =            88.4619865419
    non-spherical es ENERGY =                     0.2933275195
    Total Exc ENERGY =                          -52.1137497107

    total kinetic trace ENERGY =          124.4867769827
    non-local ps-pot trace ENERGY =        21.3531339282
    total electrostatic ENERGY =         -270.6927178225
    Total Vxc ENERGY =                    -67.5367443770

    TOTAL ENERGY (Rydberg) =                   -176.9665566223

 ################################################################

 After blending   +   14.02 =     285.5 seconds wall (    8.59 usr    2.49 sys)
  
 >>>>> self-consistency achieved, iteration   2


 Final GAP(eV)=  2.7267 (up),  1.8599 (dn)

 spin-up fermi level =   -0.163480 Ry,   gap(0K)= 0.200409 Ry = 2.727 eV
 spin-dn fermi level =   -0.441308 Ry,   gap(0K)= 0.136697 Ry = 1.860 eV

 k-vector:                  1
  weight:               1.000000
            level/UP/occup       level/DN/occup
  
    1    -1.863112  1.0000    -1.862642  1.0000
    2    -1.820955  1.0000    -1.820473  1.0000
    3    -1.807808  1.0000    -1.807477  1.0000
    4    -1.429211  1.0000    -1.352160  1.0000
             ...      ...         ...      ...
   13    -0.791942  1.0000    -0.789536  1.0000
   14    -0.780376  1.0000    -0.777016  1.0000
   15    -0.761381  1.0000    -0.753675  1.0000
   16    -0.747617  1.0000    -0.728114  1.0000
   17    -0.719315  1.0000    -0.713893  1.0000
   18    -0.698479  1.0000    -0.697434  1.0000
   19    -0.696739  1.0000    -0.692260  1.0000
   20    -0.692518  1.0000    -0.687701  1.0000
   21    -0.683538  1.0000    -0.680347  1.0000
   22    -0.641043  1.0000    -0.629668  1.0000
   23    -0.627576  1.0000    -0.616096  1.0000
   24    -0.618892  1.0000    -0.612683  1.0000
   25    -0.574896  1.0000    -0.567846  1.0000
   26    -0.564715  1.0000    -0.562722  1.0000
   27    -0.560583  1.0000    -0.552725  1.0000
   28    -0.553223  1.0000    -0.534629  1.0000
   29    -0.540046  1.0000    -0.522358  1.0000
   30    -0.513685  1.0000    -0.509657  1.0000
   31    -0.512026  1.0000    -0.372960  0.0000
   32    -0.263685  1.0000    -0.088033  0.0000
   33    -0.063276  0.0000    -0.057310  0.0000
   34    -0.044243  0.0000    -0.037795  0.0000
   35    -0.039399  0.0000    -0.026754  0.0000
   36     0.013840  0.0000     0.022434  0.0000
   37     0.025058  0.0000     0.029202  0.0000
   38     0.038813  0.0000     0.040801  0.0000
   39     0.043638  0.0000     0.046410  0.0000
   40     0.048412  0.0000     0.052225  0.0000
             ...      ...         ...      ...
  200     5.105905  0.0000     5.137505  0.0000
  

 IMAGE  1 CONVERGED ENERGY (Ry)=     -176.9665566223
 Binding energy =        0.1287643777 Ry =              1.7519 eV

 AFTER ITERATIONS +    0.00 =     285.5 seconds wall (    0.00 usr    0.00 sys)

 atom xc0frc stress term=       40.3873360595
 mat0frc: stripe-parallel, KPSTORE= F
  
 total force contributions(Ry/bohr):
        atom       x force          y force          z force
          1     -0.0436826728     0.0221427669    -0.0112246966
          2     -0.0166798358    -0.0044197920    -0.0031119839
          3      0.0073287292     0.0012711662     0.0025488591
          4      0.0608000643    -0.1672127545     0.1215610673
          5      0.0851203301    -0.0191696878    -0.0123248746
          6     -0.1096683001     0.2110802220    -0.1260287296
          7     -0.0009720142    -0.0046966860    -0.0021476486
          8      0.0075990023     0.0037892283     0.0048859526
          9     -0.0074032191    -0.0072116813     0.0062711121
         10     -0.0054472167     0.0455250730    -0.0420686674
         11      0.0462588603     0.0263160629    -0.0435949098
         12      0.0175191915     0.0127999605    -0.0071783019
         13     -0.0147753305     0.0233969107     0.0211733608
         14      0.0048079378    -0.0160025894     0.0637864920
         15     -0.0031880870     0.0010042273     0.0008001534
         16      0.0158252801     0.0206271490     0.0465359259
         17     -0.0041273723    -0.0046555500     0.0024043906
         18      0.0241886003    -0.0464642434    -0.0066953692
         19     -0.0360602542    -0.0175918174    -0.0458119472
         20     -0.0139052437    -0.0265217500     0.0315200321
         21     -0.0007747726     0.0191195665     0.0095341373
         22      0.0061822203     0.0043910185    -0.0034408243
         23      0.0099188585    -0.0067874072     0.0176904665
         24      0.0065686789    -0.0056631395    -0.0114974012
         25     -0.0056129618    -0.0683908551    -0.0185276308
         26     -0.0068458339     0.0011404037    -0.0032569940
      f-defect        0.0229746391    -0.0021841978    -0.0081980295

 AFTER FORCE RTNS +    1.23 =     286.8 seconds wall (    1.14 usr    0.06 sys)
