 MPINFO::: Global Communicator        :::
 MPINFO::: Global Context =    0      :::
 MPINFO::: Global Size =      60      :::
 MPINFO::: Global Root =       0      :::
 MPINFO::: Global Rank =       0      :::
 version 2.68: slics foundation version
 ========================================================================
    Program: SEQQUEST - LCAO-PS-DFT electronic structure code
    Version:  2.68e     Last revised: 29Mar20-PAS
    Copyright 2007 Sandia Corporation.

    Written by Peter A. Schultz (Sandia National Laboratories)
    Based on a code originally written by Peter J. Feibelman

    Documentation:  http://www.cs.sandia.gov/~paschul/Quest/
               and  http://dft.sandia.gov/Quest/
    Questions, comments to:  paschul@sandia.gov
 ========================================================================
  Maximum dimension parameters for this run are:
  
   maxwkd (r8 workspace)   = 220000000
   maxr1d (grid dimension) =       600
  
   norbd (basis fcns) =      8500
   natmd (atoms)      =       650     ntypd (atom types) =         7
   nshld (shell/atm)  =         7     noad  (bf/atm)     =        21
   nald  (gauss/shell)=         6     nrd   (rad pts/atm)=       200
   nkd   (kpts/ibz)   =      2000     nsymd (sym/group)  =        48
   nimgd (NEB images) =        12
  
   nlatd (lattice images)=      2000
   neq3d (do not ask) =        14
   Default record length (r8) for i/o=   1000000
 ------------------------------------------------------------------------

 Before input     +    1.00 =       1.0 seconds wall (    0.41 usr    0.45 sys)
  
##### Run options:
 do setup                                                                        
 do iters                                                                        
 do force                                                                        
 do relax                                                                        
 do neb                                                                          
 setup data                                                                      
 >>>>> Options (set/scf/frc/relax/cell/neb/md)= T T T T F T F
 >>>>> use blas3= T
 >>>>> split basis = T
 >>>>> Output level set =           2
 >>>> do_bands, do_optic, do_nonscf= F F F
setup data:
functional
 PBE-SP
spin polarization
   2.00000000
 vdw_potential type, default=OFF 
   OFF   
dimension of system (0=cluster ... 3=bulk)
  0
 coordinates given in (lattice,cartesian):
  cartesian
 scalep: scale factor for problem
   1.00000000
 scalez factor: scale z-direction
   1.00000000
primitive lattice vectors
  60.00000000  0.00000000  0.00000000
   0.00000000 45.00000000  0.00000000
   0.00000000  0.00000000 60.00000000
 > Input Cell volume{bohr^3)=   162000.000000
grid dimensions
  200 150 200
 nearby option: 0=0,1=pt,2=wt
  2
atom types
  6
atom file
 O = O.atm
>>>>> atom type name=O           
type number, label:
  1 O                      
notes6
 notes for this atom file:
 Constructed by Peter A. Schultz, 17-January-2007
 Troullier/Martins-type ppot [N.Troullier,J.L.Martins, PRB 43,8861(1991)]
 generated by fhi98PP [M.Fuchs,M.Scheffler, Comput.Phys.Commun. 119,67(1999)]
 ppot: [He-core]s2p4, l=1; Rs=1.15, Rp=1.15
   NB: a middlin' hard T-M potential, without partial core correction
 basis: refined in H2O
mass
   1.59994000D+01
energy = E(H2O) - E(H2)
  -3.20919400D+01
effective nuclear charge (s2p4 to  9.0)
   6.00000000D+00
pseudopotentials: Lmax, and effective gaussian range
  1   5.87000000
functional type used in generating potential:
 PBE    = dft fcnal used to generate pot
radial mesh: number of points for local and non-local pot integrals
  80  59
mesh points for nuclear potential;  tm91fh
      0.01666667  0.01804829  0.01954444  0.02116462  0.02291911  0.02481905
      0.02687648  0.02910446  0.03151714  0.03412983  0.03695910  0.04002291
      0.04334070  0.04693352  0.05082419  0.05503737  0.05959982  0.06454048
      0.06989072  0.07568447  0.08195850  0.08875264  0.09610999  0.10407725
      0.11270497  0.12204790  0.13216534  0.14312149  0.15498587  0.16783378
      0.18174674  0.19681305  0.21312832  0.23079608  0.24992845  0.27064683
      0.29308272  0.31737848  0.34368829  0.37217912  0.40303175  0.43644199
      0.47262184  0.51180091  0.55422781  0.60017179  0.64992440  0.70380136
      0.76214458  0.82532429  0.89374143  0.96783016  1.04806065  1.13494203
      1.22902564  1.33090852  1.44123721  1.56071186  1.69009063  1.83019454
      1.98191269  2.14620786  2.32412265  2.51678610  2.72542082  2.95135079
      3.19600974  3.46095025  3.74785362  4.05854048  4.39498245  4.75931454
      5.15384877  5.58108881  6.04374589  6.54475598  7.08729845  7.67481621
      8.31103759  9.00000000
radwts: weights for radial points
      0.00132734  0.00143737  0.00155652  0.00168555  0.00182528  0.00197659
      0.00214045  0.00231788  0.00251003  0.00271810  0.00294343  0.00318743
      0.00345166  0.00373779  0.00404764  0.00438318  0.00474654  0.00514001
      0.00556610  0.00602752  0.00652718  0.00706827  0.00765421  0.00828872
      0.00897584  0.00971991  0.01052566  0.01139821  0.01234309  0.01336630
      0.01447433  0.01567421  0.01697356  0.01838063  0.01990433  0.02155435
      0.02334114  0.02527606  0.02737138  0.02964039  0.03209750  0.03475829
      0.03763966  0.04075988  0.04413877  0.04779775  0.05176005  0.05605082
      0.06069728  0.06572892  0.07117767  0.07707811  0.08346767  0.09038691
      0.09787974  0.10599371  0.11478030  0.12429527  0.13459901  0.14575690
      0.15783976  0.17092424  0.18509340  0.20043714  0.21705283  0.23504592
      0.25453058  0.27563048  0.29847949  0.32322263  0.35001691  0.37903236
      0.41045311  0.44447856  0.48132462  0.52122512  0.56443327  0.61122325
      0.66189199  0.71676104
non-local potential: l,potential*integration weight
  0   0.93730511  0.93554052  0.93361839  0.93153365  0.92928327  0.92686634
      0.92428390  0.92153850  0.91863349  0.91557199  0.91235563  0.90898303
      0.90544833  0.90173964  0.89783801  0.89371685  0.88934220  0.88467387
      0.87966724  0.87427564  0.86845278  0.86215507  0.85534357  0.84798554
      0.84005562  0.83153648  0.82241863  0.81269851  0.80237370  0.79143391
      0.77984650  0.76753677  0.75436432  0.74009742  0.72438611  0.70673257
      0.68645949  0.66269421  0.63442591  0.60072027  0.56103450  0.51518157
      0.46260034  0.40186561  0.33154312  0.25174338  0.16543037  0.07940357
      0.00465384 -0.04517076 -0.05908610 -0.03875595 -0.00829872  0.00001909
      0.00000545  0.00000199  0.00000064  0.00000018  0.00000004  0.00000000
      0.00000000  0.00000000  0.00000000  0.00000000  0.00000000  0.00000000
      0.00000000  0.00000000  0.00000000  0.00000000  0.00000000  0.00000000
      0.00000000  0.00000000  0.00000000  0.00000000  0.00000000  0.00000000
      0.00000000  0.00000000
non-local potential: l,potential*integration weight
  1   0.90370413  0.89915413  0.89421569  0.88886460  0.88307711  0.87682988
      0.87009965  0.86286267  0.85509381  0.84676537  0.83784560  0.82829704
      0.81807474  0.80712459  0.79538197  0.78277097  0.76920439  0.75458466
      0.73880543  0.72175375  0.70331247  0.68336251  0.66178511  0.63846390
      0.61328705  0.58614966  0.55695625  0.52562300  0.49207935  0.45626822
      0.41814517  0.37767819  0.33485145  0.28967777  0.24222327  0.19264571
      0.14124931  0.08857314  0.03556416 -0.01609767 -0.06361358 -0.10313288
     -0.13071331 -0.14337790 -0.13932187 -0.11803667 -0.08124130 -0.03422899
      0.01331497  0.04813719  0.05745893  0.03806545  0.00846852  0.00000828
      0.00000560  0.00000199  0.00000064  0.00000018  0.00000004  0.00000000
      0.00000000  0.00000000  0.00000000  0.00000000  0.00000000  0.00000000
      0.00000000  0.00000000  0.00000000  0.00000000  0.00000000  0.00000000
      0.00000000  0.00000000  0.00000000  0.00000000  0.00000000  0.00000000
      0.00000000  0.00000000

 For atom type  1, l= 1 potential used as local nuclear potential
number of radial functions  ****  O/pbe   - by Peter Schultz / 17Jan07 ****
  5
angular momentum, number of alphas
  0  5
alphas - s - 5s/2/5s284 Eopt(flat) + check (c1)
   2.40227000D-01  6.83348000D-01  1.98182200D+00  3.96390000D+00
   7.92780000D+00
wave function coefficients
   3.33034000D-01  1.10004600D+00  1.16492600D+00 -1.95149900D+00
   6.44755000D-01
angular momentum, number of alphas
  1  4
alphas - p - 4p/2/4p563 Eopt + reopt(c1)
   1.29289000D-01  4.02185000D-01  1.18213300D+00  3.84037500D+00
wave function coefficients
   5.93100000D-02  3.75369000D-01  1.45605400D+00  3.86770800D+00
angular momentum, number of alphas
  0  1
alphas - s - second zeta s polarization
   2.40227000D-01
wave function coefficients
   1.00000000D+00
angular momentum, number of alphas
  1  1
alphas - p - second zeta p polarization
   1.29289000D-01
wave function coefficients
   1.00000000D+00
angular momentum, number of alphas
  2  2
alphas
   2.50000000D-01  1.20000000D+00
wave function coefficients
   1.17200000D-01  1.00000000D+00
shell occupancies for oxygen, O s(2.0)p(4.5)p'(-0.5), -0.5 pseudoion (H2O)
      2.00000000  4.50000000  0.00000000 -0.50000000  0.00000000
end atom file
atom file
 H = H.atm
>>>>> atom type name=H           
type number, label:
  2 H                      
notes3
 notes for this atom file:
 bare nuclear potential
 generated March-2001, by Peter A. Schultz
 Changed to triple-zeta s (to recover double-zeta, remove third zeta)
mass
   1.00079000D+00
energy = E(H2)/2
  -1.16555500D+00
effective nuclear charge (s1 to 10.0)
   1.00000000D+00
pseudopotentials: Lmax, and effective gaussian range
 -1   1.71000000
radial mesh: number of points for local and non-local pot integrals
 100  80
mesh points for nuclear potential
      0.00200000  0.00217968  0.00237551  0.00258893  0.00282152  0.00307501
      0.00335127  0.00365236  0.00398049  0.00433810  0.00472785  0.00515260
      0.00561552  0.00612003  0.00666986  0.00726909  0.00792215  0.00863389
      0.00940957  0.01025494  0.01117626  0.01218036  0.01327466  0.01446727
      0.01576703  0.01718357  0.01872736  0.02040986  0.02224351  0.02424190
      0.02641983  0.02879343  0.03138027  0.03419952  0.03727205  0.04062063
      0.04427005  0.04824734  0.05258195  0.05730599  0.06245444  0.06806544
      0.07418054  0.08084503  0.08810827  0.09602405  0.10465099  0.11405299
      0.12429968  0.13546694  0.14763749  0.16090146  0.17535709  0.19111143
      0.20828116  0.22699345  0.24738688  0.26961248  0.29383487  0.32023343
      0.34900367  0.38035868  0.41453067  0.45177272  0.49236064  0.53659505
      0.58480355  0.63734316  0.69460302  0.75700718  0.82501783  0.89913865
      0.97991859  1.06795593  1.16390267  1.26846941  1.38243058  1.50663019
      1.64198808  1.78950672  1.95027865  2.12549457  2.31645214  2.52456563
      2.75137635  2.99856407  3.26795950  3.56155782  3.88153345  4.23025616
      4.61030863  5.02450558  5.47591460  5.96787887  6.50404194  7.08837469
      7.72520477  8.41924860  9.17564635 10.00000000
radwts: weights for radial points
      0.00017206  0.00018752  0.00020437  0.00022273  0.00024274  0.00026455
      0.00028832  0.00031422  0.00034245  0.00037322  0.00040675  0.00044329
      0.00048312  0.00052652  0.00057382  0.00062538  0.00068156  0.00074279
      0.00080953  0.00088226  0.00096152  0.00104790  0.00114205  0.00124465
      0.00135647  0.00147834  0.00161116  0.00175591  0.00191366  0.00208559
      0.00227296  0.00247716  0.00269972  0.00294226  0.00320660  0.00349468
      0.00380865  0.00415083  0.00452374  0.00493016  0.00537310  0.00585582
      0.00638192  0.00695528  0.00758015  0.00826117  0.00900336  0.00981224
      0.01069378  0.01165453  0.01270159  0.01384272  0.01508637  0.01644175
      0.01791890  0.01952876  0.02128325  0.02319537  0.02527928  0.02755040
      0.03002557  0.03272311  0.03566301  0.03886703  0.04235890  0.04616448
      0.05031197  0.05483207  0.05975826  0.06512703  0.07097814  0.07735492
      0.08430461  0.09187866  0.10013317  0.10912928  0.11893362  0.12961879
      0.14126394  0.15395530  0.16778687  0.18286109  0.19928960  0.21719407
      0.23670711  0.25797323  0.28114992  0.30640885  0.33393707  0.36393847
      0.39663525  0.43226954  0.47110528  0.51343007  0.55955739  0.60982886
      0.66461678  0.72432694  0.78940154  0.86032254
number of radial functions  **** H PBE bare-core basis 11Apr01-PAS ****
  4
angular momentum, number of alphas
  0  5
alphas - s - Ham-II/PBE/4s408 + a5(19.22) + full recontract in H2
   1.02474000D-01  3.72304000D-01  1.23085800D+00  4.78332400D+00
   1.92200000D+01
wave function coefficients
   1.04060000D-01  4.80100000D-01  5.85350000D-01  3.97563000D-01
   2.69130000D-01
angular momentum, number of alphas
  0  2
alphas - s - second zeta s polarization (H2O Eopt)
   1.02474000D-01  3.72304000D-01
wave function coefficients
   7.52810000D-02  1.20939000D-01
angular momentum, number of alphas
  0  1
alphas - s - third zeta s polarization (H2O Eopt)
   1.02474000D-01
wave function coefficients
   1.00000000D+00
angular momentum, number of alphas
  1  1
alphas - p - angular polarization (dzp Eopt H2)
   1.10000000D+00
wave function coefficients
   1.00000000D+00
shell occupancies for hydrogen, H: s(1.00)p(0.00)
      1.00000000  0.00000000  0.00000000  0.00000000
end atom file
atom file
 C = C.atm
>>>>> atom type name=C           
type number, label:
  3 C                      
notes5
 notes for this atom file:
 Constructed by Peter A. Schultz, 4-January-2007
 Hamann-type ppot [D.R. Hamann,  PRB 40, 2980 (1989)]
 generated by fhi98PP [M.Fuchs,M.Scheffler, Comput.Phys.Commun. 119,67(1999)]
 ppot: [He-core]s2p2, l=1; Def: Rs=0.73, Rp=0.48
 basis: refined in 4-lyr Td(111) slab
energy - Td/16^3/k8^3/pbe
  -1.13937680D+01
effective nuclear charge (s2p2 to  9.0)
   4.00000000D+00
pseudopotentials: Lmax, and effective gaussian range
  1   3.69000000
functional type used in generating potential:
 PBE    = dft fcnal used to generate pot
radial mesh: number of points for local and non-local pot integrals
 120 102
mesh points for nuclear potential;  ham1fh
      0.02500000  0.02626767  0.02759962  0.02899911  0.03046956  0.03201457
      0.03363793  0.03534360  0.03713576  0.03901879  0.04099731  0.04307615
      0.04526040  0.04755541  0.04996679  0.05250045  0.05516258  0.05795969
      0.06089864  0.06398662  0.06723117  0.07064025  0.07422219  0.07798576
      0.08194016  0.08609508  0.09046069  0.09504766  0.09986722  0.10493116
      0.11025188  0.11584240  0.12171640  0.12788824  0.13437304  0.14118667
      0.14834579  0.15586793  0.16377149  0.17207581  0.18080122  0.18996907
      0.19960179  0.20972295  0.22035733  0.23153093  0.24327112  0.25560662
      0.26856761  0.28218580  0.29649454  0.31152882  0.32732544  0.34392306
      0.36136229  0.37968581  0.39893845  0.41916733  0.44042196  0.46275433
      0.48621912  0.51087372  0.53677848  0.56399679  0.59259525  0.62264384
      0.65421610  0.68738929  0.72224459  0.75886729  0.79734700  0.83777790
      0.88025891  0.92489401  0.97179240  1.02106886  1.07284397  1.12724443
      1.18440337  1.24446064  1.30756323  1.37386555  1.44352985  1.51672659
      1.59363491  1.67444300  1.75934861  1.84855951  1.94229400  2.04078147
      2.14426292  2.25299158  2.36723353  2.48726831  2.61338967  2.74590624
      2.88514230  3.03143856  3.18515304  3.34666189  3.51636033  3.69466363
      3.88200811  4.07885224  4.28567769  4.50299059  4.73132273  4.97123286
      5.22330806  5.48816518  5.76645235  6.05885056  6.36607535  6.68887851
      7.02804998  7.38441975  7.75885988  8.15228666  8.56566284  9.00000000
radwts: weights for radial points
      0.00123658  0.00129928  0.00136516  0.00143438  0.00150712  0.00158354
      0.00166383  0.00174820  0.00183685  0.00192999  0.00202785  0.00213068
      0.00223872  0.00235224  0.00247151  0.00259683  0.00272851  0.00286686
      0.00301223  0.00316497  0.00332546  0.00349408  0.00367126  0.00385741
      0.00405301  0.00425853  0.00447446  0.00470135  0.00493974  0.00519022
      0.00545340  0.00572992  0.00602047  0.00632574  0.00664650  0.00698352
      0.00733764  0.00770970  0.00810064  0.00851140  0.00894298  0.00939645
      0.00987291  0.01037354  0.01089955  0.01145223  0.01203293  0.01264309
      0.01328418  0.01395777  0.01466553  0.01540917  0.01619052  0.01701149
      0.01787408  0.01878042  0.01973272  0.02073330  0.02178462  0.02288924
      0.02404988  0.02526938  0.02655071  0.02789701  0.02931157  0.03079787
      0.03235953  0.03400038  0.03572443  0.03753590  0.03943922  0.04143906
      0.04354030  0.04574809  0.04806782  0.05050519  0.05306614  0.05575696
      0.05858421  0.06155483  0.06467608  0.06795559  0.07140140  0.07502194
      0.07882606  0.08282307  0.08702276  0.09143541  0.09607180  0.10094329
      0.10606180  0.11143986  0.11709061  0.12302790  0.12926625  0.13582092
      0.14270796  0.14994422  0.15754741  0.16553613  0.17392994  0.18274936
      0.19201600  0.20175251  0.21198273  0.22273169  0.23402570  0.24589238
      0.25836079  0.27146144  0.28522637  0.29968928  0.31488556  0.33085239
      0.34762885  0.36525599  0.38377694  0.40323704  0.42368389  0.44516753
non-local potential: l,potential*integration weight
  0   0.39100562  0.39067485  0.39033823  0.38999879  0.38965989  0.38932513
      0.38899826  0.38868306  0.38838318  0.38810195  0.38784228  0.38760641
      0.38739580  0.38721103  0.38705165  0.38691622  0.38680233  0.38670670
      0.38662533  0.38655366  0.38648687  0.38641999  0.38634820  0.38626692
      0.38617198  0.38605973  0.38592700  0.38577121  0.38559025  0.38538253
      0.38514689  0.38488257  0.38458924  0.38426700  0.38391647  0.38353887
      0.38313623  0.38271151  0.38226892  0.38181401  0.38135384  0.38089688
      0.38045258  0.38003039  0.37963798  0.37927841  0.37894605  0.37862117
      0.37826346  0.37780501  0.37714366  0.37613777  0.37460355  0.37231704
      0.36902414  0.36446416  0.35841004  0.35071546  0.34133721  0.33029683
      0.31759520  0.30316280  0.28690443  0.26875136  0.24853666  0.22574940
      0.19972621  0.17051836  0.13937240  0.10806813  0.07821470  0.05122470
      0.02840362  0.01081157 -0.00100516 -0.00724855 -0.00892743 -0.00764520
     -0.00514007 -0.00276292 -0.00116667 -0.00036807 -0.00007497 -0.00000151
      0.00000748  0.00000523  0.00000292  0.00000155  0.00000081  0.00000043
      0.00000024  0.00000016  0.00000011  0.00000009  0.00000008  0.00000006
      0.00000005  0.00000005  0.00000004  0.00000004  0.00000003  0.00000003
      0.00000000  0.00000000  0.00000000  0.00000000  0.00000000  0.00000000
      0.00000000  0.00000000  0.00000000  0.00000000  0.00000000  0.00000000
      0.00000000  0.00000000  0.00000000  0.00000000  0.00000000  0.00000000
non-local potential: l,potential*integration weight
  1   0.36560952  0.36397730  0.36227137  0.36049107  0.35863582  0.35670508
      0.35469817  0.35261419  0.35045178  0.34820898  0.34588303  0.34347014
      0.34096535  0.33836235  0.33565334  0.33282903  0.32987859  0.32678968
      0.32354862  0.32014045  0.31654911  0.31275762  0.30874814  0.30450211
      0.30000028  0.29522270  0.29014867  0.28475665  0.27902413  0.27292752
      0.26644201  0.25954147  0.25219842  0.24438401  0.23606814  0.22721973
      0.21780705  0.20779831  0.19716246  0.18587019  0.17389525  0.16121597
      0.14781711  0.13369188  0.11884413  0.10329073  0.08706409  0.07021525
      0.05281777  0.03497339  0.01682028 -0.00145547 -0.01960454 -0.03729507
     -0.05408874 -0.06941146 -0.08252221 -0.09249895 -0.09828416 -0.09883540
     -0.09337182 -0.08162950 -0.06406125 -0.04206903 -0.01838077  0.00287418
      0.01747263  0.02350852  0.02232316  0.01698540  0.01056097  0.00526361
      0.00203413  0.00063797  0.00029470  0.00031888  0.00036305  0.00033630
      0.00025811  0.00017000  0.00009990  0.00005521  0.00003035  0.00001705
      0.00000966  0.00000539  0.00000293  0.00000155  0.00000081  0.00000043
      0.00000024  0.00000016  0.00000011  0.00000009  0.00000008  0.00000006
      0.00000005  0.00000005  0.00000004  0.00000004  0.00000003  0.00000003
      0.00000000  0.00000000  0.00000000  0.00000000  0.00000000  0.00000000
      0.00000000  0.00000000  0.00000000  0.00000000  0.00000000  0.00000000
      0.00000000  0.00000000  0.00000000  0.00000000  0.00000000  0.00000000

 For atom type  3, l= 1 potential used as local nuclear potential
number of radial functions  ****  C/pbe  basis - by Peter Schultz -  8Jan07 ****
  5
angular momentum, number of alphas
  0  5
alphas - s - 5s/2/5s312 Eopt + reopt(c2,c1)
   1.55830000D-01  4.58320000D-01  1.40253800D+00  2.80520000D+00
   5.61040000D+00
wave function coefficients
   2.61700000D-01  7.05480000D-01  3.62537000D-01 -1.29642800D+00
   4.50261000D-01
angular momentum, number of alphas
  1  4
alphas - p - 4p/2/4p361 Eopt + reopt(c1)
   1.43749000D-01  4.89605000D-01  1.38713100D+00  4.55300700D+00
wave function coefficients
   8.49200000D-02  5.16452000D-01  1.01732000D+00  1.69318600D+00
angular momentum, number of alphas
  0  1
alphas - p - second zeta p polarization
   1.55830000D-01
wave function coefficients
   1.00000000D+00
angular momentum, number of alphas
  1  1
alphas - p - second zeta p polarization
   1.43749000D-01
wave function coefficients
   1.00000000D+00
angular momentum, number of alphas
  2  1
alphas - d - angular polarization (dzp Eopt)
   7.30000000D-01
wave function coefficients
   1.00000000D+00
shell occupation numbers for C, carbon - s(2.00)p(2.00)
      2.00000000  2.00000000  0.00000000  0.00000000  0.00000000
end atom file
atom file
 Pt = Pt.atm
>>>>> atom type name=Pt          
type number, label:
  4 Pt                     
notes7
 notes for this atom file:
 Constructed by Peter A. Schultz, 15-December-2006 (cosmetics: 17Sep07)
 Hamann-type ppot [D.R. Hamann,  PRB 40, 2980 (1989)]
 generated by fhi98PP [M.Fuchs,M.Scheffler, Comput.Phys.Commun. 119,67(1999)]
 ppot: [p6-core]d9s0.5[+0.5],l=2,Rp0=1.65,Rpc=NONE; Def: Rs=1.39,Rd=0.76
   NB: semicore p6 is CORE, and NO partial core, with Rp-opted p0-potl
 basis: refined in fcc(111) slab, pp/bas checked hcp v fcc, oxides
   NB: 2p/1p->2p/2p and to /3d are most important available basis upgrades
energy = fcc/24^3/k16^3/uc/pbe
  -5.27160690D+01
effective nuclear charge (d9s0.5[+0.5], Rp0=1.65,Rpc=NONE to 11.0)
   1.00000000D+01
pseudopotentials: Lmax, and effective gaussian range
  2   0.96000000
functional type used in generating potential:
 PBE    = dft fcnal used to generate pot
radial mesh: number of points for local and non-local pot integrals
 120 110
mesh points for nuclear potential;  ham1fh
      0.01000000  0.01060615  0.01124905  0.01193092  0.01265411  0.01342115
      0.01423467  0.01509751  0.01601266  0.01698327  0.01801272  0.01910456
      0.02026260  0.02149082  0.02279349  0.02417513  0.02564052  0.02719473
      0.02884314  0.03059148  0.03244580  0.03441251  0.03649844  0.03871081
      0.04105728  0.04354598  0.04618553  0.04898509  0.05195434  0.05510357
      0.05844369  0.06198628  0.06574360  0.06972868  0.07395531  0.07843814
      0.08319269  0.08823545  0.09358388  0.09925650  0.10527297  0.11165413
      0.11842209  0.12560029  0.13321360  0.14128839  0.14985264  0.15893602
      0.16856998  0.17878792  0.18962522  0.20111942  0.21331035  0.22624024
      0.23995388  0.25449878  0.26992532  0.28628694  0.30364034  0.32204561
      0.34156653  0.36227072  0.38422989  0.40752014  0.43222212  0.45842143
      0.48620882  0.51568056  0.54693873  0.58009163  0.61525411  0.65254797
      0.69210242  0.73405447  0.77854946  0.82574154  0.87579418  0.92888078
      0.98518524  1.04490262  1.10823979  1.17541617  1.24666447  1.32223152
      1.40237909  1.48738483  1.57754323  1.67316662  1.77458626  1.88215348
      1.99624093  2.11724384  2.24558139  2.38169816  2.52606571  2.67918415
      2.84158392  3.01382762  3.19651193  3.39026973  3.59577222  3.81373133
      4.04490212  4.29008541  4.55013058  4.82593849  5.11846459  5.42872228
      5.75778636  6.10679679  6.47696261  6.86956618  7.28596756  7.72760928
      8.19602127  8.69282624  9.21974523  9.77860361 10.37133741 11.00000000
radwts: weights for radial points
      0.00058849  0.00062416  0.00066200  0.00070213  0.00074469  0.00078982
      0.00083770  0.00088848  0.00094233  0.00099945  0.00106004  0.00112429
      0.00119244  0.00126472  0.00134138  0.00142269  0.00150893  0.00160039
      0.00169740  0.00180029  0.00190941  0.00202515  0.00214791  0.00227810
      0.00241619  0.00256265  0.00271799  0.00288274  0.00305748  0.00324281
      0.00343937  0.00364785  0.00386896  0.00410348  0.00435222  0.00461603
      0.00489583  0.00519259  0.00550734  0.00584117  0.00619524  0.00657077
      0.00696906  0.00739149  0.00783953  0.00831472  0.00881872  0.00935327
      0.00992022  0.01052154  0.01115931  0.01183574  0.01255316  0.01331408
      0.01412112  0.01497707  0.01588491  0.01684778  0.01786902  0.01895216
      0.02010095  0.02131937  0.02261166  0.02398227  0.02543596  0.02697778
      0.02861304  0.03034743  0.03218696  0.03413798  0.03620727  0.03840198
      0.04072974  0.04319858  0.04581708  0.04859430  0.05153987  0.05466397
      0.05797745  0.06149178  0.06521912  0.06917241  0.07336532  0.07781239
      0.08252901  0.08753154  0.09283730  0.09846467  0.10443314  0.11076339
      0.11747736  0.12459830  0.13215087  0.14016124  0.14865717  0.15766808
      0.16722519  0.17736161  0.18811246  0.19951496  0.21160864  0.22443538
      0.23803962  0.25246848  0.26777195  0.28400305  0.30121800  0.31947645
      0.33884164  0.35938065  0.38116465  0.40426909  0.42877401  0.45476432
      0.48233003  0.51156665  0.54257546  0.57546387  0.61034584  0.64734218
non-local potential: l,potential*integration weight
  0   1.17760684  1.17755100  1.17728436  1.17666389  1.17554142  1.17385865
      1.17180095  1.16991330  1.16897946  1.16957344  1.17158756  1.17424398
      1.17662181  1.17817367  1.17884059  1.17885857  1.17852627  1.17807485
      1.17763816  1.17727293  1.17698992  1.17677867  1.17662214  1.17650387
      1.17641051  1.17633213  1.17626169  1.17619430  1.17612655  1.17605601
      1.17598082  1.17589948  1.17581065  1.17571301  1.17560518  1.17548563
      1.17535258  1.17520391  1.17503703  1.17484875  1.17463519  1.17439167
      1.17411259  1.17379121  1.17341941  1.17298742  1.17248352  1.17189375
      1.17120145  1.17038685  1.16942649  1.16829255  1.16695181  1.16536433
      1.16348095  1.16123814  1.15855114  1.15531541  1.15141799  1.14672206
      1.14104501  1.13416799  1.12585282  1.11586866  1.10404768  1.09037324
      1.07507553  1.05867170  1.04185381  1.02515268  1.00846135  0.99075362
      0.97031786  0.94528617  0.91396846  0.87520813  0.82936530  0.77883233
      0.72568625  0.66936962  0.60838322  0.54232300  0.47193130  0.39865240
      0.32449303  0.25203634  0.18436202  0.12474287  0.07608610  0.04019464
      0.01709356  0.00482255  0.00000234 -0.00095162 -0.00064784 -0.00030395
     -0.00016620 -0.00014347 -0.00014539 -0.00013681 -0.00011306 -0.00008148
     -0.00005131 -0.00002833 -0.00001375 -0.00000588 -0.00000221 -0.00000071
     -0.00000018 -0.00000002  0.00000000  0.00000000  0.00000000  0.00000000
      0.00000000  0.00000000  0.00000000  0.00000000  0.00000000  0.00000000
non-local potential: l,potential*integration weight
  1   1.17217730  1.17179226  1.17117646  1.17018566  1.16867040  1.16657103
      1.16407148  1.16171519  1.16028432  1.16035114  1.16180616  1.16386961
      1.16561857  1.16650348  1.16646310  1.16573098  1.16460324  1.16330833
      1.16197722  1.16066361  1.15937508  1.15809777  1.15681111  1.15549488
      1.15413178  1.15270773  1.15121136  1.14963322  1.14796512  1.14619965
      1.14432979  1.14234864  1.14024929  1.13802469  1.13566755  1.13317032
      1.13052512  1.12772366  1.12475724  1.12161667  1.11829222  1.11477363
      1.11105001  1.10710983  1.10294084  1.09853003  1.09386352  1.08892646
      1.08370288  1.07817550  1.07232540  1.06613159  1.05957029  1.05261390
      1.04522938  1.03737526  1.02899772  1.02002827  1.01038382  0.99995912
      0.98861802  0.97619757  0.96252207  0.94743409  0.93085363  0.91286695
      0.89382167  0.87436640  0.85533880  0.83743055  0.82071299  0.80435975
      0.78688881  0.76670206  0.74241021  0.71314033  0.67947581  0.64398078
      0.60886507  0.57363236  0.53670561  0.49737647  0.45575153  0.41219909
      0.36712934  0.32101078  0.27444602  0.22824394  0.18346910  0.14143077
      0.10356905  0.07122875  0.04536442  0.02627880  0.01351222  0.00594836
      0.00210418  0.00050145 -0.00001183 -0.00011839 -0.00011154 -0.00008142
     -0.00005131 -0.00002833 -0.00001375 -0.00000588 -0.00000221 -0.00000071
     -0.00000018 -0.00000002  0.00000000  0.00000000  0.00000000  0.00000000
      0.00000000  0.00000000  0.00000000  0.00000000  0.00000000  0.00000000
non-local potential: l,potential*integration weight
  2   1.17242532  1.17205483  1.17145435  1.17047969  1.16898140  1.16689986
      1.16441900  1.16208229  1.16067187  1.16076002  1.16223721  1.16432364
      1.16609632  1.16700560  1.16699013  1.16628329  1.16518098  1.16391138
      1.16260512  1.16131545  1.16004940  1.15879244  1.15752315  1.15622029
      1.15486529  1.15344256  1.15193884  1.15034240  1.14864233  1.14682792
      1.14488817  1.14281140  1.14058500  1.13819509  1.13562625  1.13286123
      1.12988062  1.12666239  1.12318142  1.11940898  1.11531223  1.11085398
      1.10599207  1.10067848  1.09485822  1.08846838  1.08143702  1.07368192
      1.06510941  1.05561320  1.04507325  1.03335454  1.02030570  1.00575724
      0.98951642  0.97135168  0.95097187  0.92805215  0.90231450  0.87347696
      0.84116448  0.80496228  0.76446553  0.71930402  0.66920677  0.61412602
      0.55438829  0.49080404  0.42463614  0.35734917  0.29021390  0.22408069
      0.15960153  0.09765888  0.03959157 -0.01254174 -0.05537995 -0.08461301
     -0.09812111 -0.09846684 -0.09065662 -0.07905560 -0.06638173 -0.05394941
     -0.04237225 -0.03211444 -0.02353007 -0.01669918 -0.01145782 -0.00755412
     -0.00474269 -0.00280513 -0.00154663 -0.00079182 -0.00038677 -0.00020423
     -0.00014591 -0.00014120 -0.00014526 -0.00013681 -0.00011306 -0.00008148
     -0.00005131 -0.00002833 -0.00001375 -0.00000588 -0.00000221 -0.00000071
     -0.00000018 -0.00000002  0.00000000  0.00000000  0.00000000  0.00000000
      0.00000000  0.00000000  0.00000000  0.00000000  0.00000000  0.00000000

 For atom type  4, l= 2 potential used as local nuclear potential
number of radial functions  **** Pt basis - by Peter Schultz /14Dec06 ****
  5
angular momentum, number of alphas
  2  5
alphas - d - 5d/2/5d378 Eopt + reopt(c2,c1)
   1.64638000D-01  4.32460000D-01  9.59320000D-01  2.00089400D+00
   4.00100000D+00
wave function coefficients
   3.29350000D-02  2.09710000D-01  9.40000000D-01  1.91492400D+00
  -1.65387800D+00
angular momentum, number of alphas
  0  4
alphas - s - 4s/2/4s519 Eopt + reopt(c1)
   7.89970000D-02  2.27776000D-01  6.94844000D-01  1.38980000D+00
wave function coefficients
   1.31726000D-01  4.11753000D-01 -1.09914400D+00  4.52036000D-01
angular momentum, number of alphas
  0  1
alphas - s - second zeta s polarization
   7.89970000D-02
wave function coefficients
   1.00000000D+00
angular momentum, number of alphas
  1  2
alphas - p - angular polarization Eopt
   1.30000000D-01  4.37830000D-01
wave function coefficients
   7.73600000D-01 -1.00000000D+00
angular momentum, number of alphas
  2  2
alphas - d - second zeta d polarization
   1.64638000D-01  4.32460000D-01
wave function coefficients
   8.33300000D-01 -1.00000000D+00
shell occupation numbers for platinum, Pt: d(8.7)s(1.3)
      8.70000000  1.30000000  0.00000000  0.00000000  0.00000000
end atom file
atom file
 P = P.atm
>>>>> atom type name=P           
type number, label:
  5 P                      
notes5
 notes for this atom file:
 Constructed by Peter A. Schultz, 29-September-2005
 Hamann-type ppot [D.R. Hamann,  PRB 40, 2980 (1989)]
 generated by fhi98PP [M.Fuchs,M.Scheffler, Comput.Phys.Commun. 119,67(1999)]
 Potential is standard Hamann, out to l=2
 Basis refined in PH# molecule
effective nuclear charge (s2p3 to 10.0)
   5.00000000D+00
pseudopotentials: Lmax, and effective gaussian range
  2   1.03000000
functional type used in generating potential:
 PBE    = dft fcnal used to generate pot
radial mesh: number of points for local and non-local pot integrals
  80  67
mesh points for nuclear potential;  ham1fh
      0.02000000  0.02163686  0.02340768  0.02532343  0.02739597  0.02963814
      0.03206381  0.03468800  0.03752696  0.04059828  0.04392095  0.04751557
      0.05140438  0.05561146  0.06016286  0.06508676  0.07041365  0.07617650
      0.08241100  0.08915575  0.09645251  0.10434646  0.11288647  0.12212542
      0.13212051  0.14293363  0.15463173  0.16728723  0.18097849  0.19579028
      0.21181432  0.22914980  0.24790408  0.26819325  0.29014295  0.31388907
      0.33957865  0.36737073  0.39743740  0.42996481  0.46515435  0.50322391
      0.54440918  0.58896518  0.63716776  0.68931539  0.74573092  0.80676366
      0.87279149  0.94422323  1.02150115  1.10510371  1.19554854  1.29339564
      1.39925081  1.51376948  1.63766068  1.77169149  1.91669177  2.07355927
      2.24326527  2.42686048  2.62548164  2.84035853  3.07282156  3.32431002
      3.59638101  3.89071906  4.20914658  4.55363511  4.92631757  5.32950141
      5.76568298  6.23756288  6.74806277  7.30034343  7.89782430  8.54420472
      9.24348674 10.00000000
radwts: weights for radial points
      0.00157332  0.00170208  0.00184139  0.00199209  0.00215513  0.00233151
      0.00252233  0.00272876  0.00295209  0.00319370  0.00345508  0.00373786
      0.00404377  0.00437473  0.00473277  0.00512011  0.00553915  0.00599249
      0.00648294  0.00701352  0.00758753  0.00820851  0.00888032  0.00960711
      0.01039338  0.01124401  0.01216425  0.01315980  0.01423684  0.01540202
      0.01666257  0.01802628  0.01950160  0.02109767  0.02282436  0.02469237
      0.02671327  0.02889956  0.03126478  0.03382358  0.03659180  0.03958657
      0.04282645  0.04633149  0.05012339  0.05422563  0.05866361  0.06346481
      0.06865895  0.07427819  0.08035733  0.08693401  0.09404893  0.10174616
      0.11007336  0.11908208  0.12882809  0.13937175  0.15077833  0.16311846
      0.17646854  0.19091123  0.20653594  0.22343943  0.24172635  0.26150992
      0.28291264  0.30606702  0.33111641  0.35821592  0.38753333  0.41925016
      0.45356279  0.49068366  0.53084260  0.57428827  0.62128966  0.67213777
      0.72714744  0.78665925
non-local potential: l,potential*integration weight
  0   0.79194237  0.79229810  0.79266574  0.79304318  0.79342803  0.79381774
      0.79421004  0.79460337  0.79499775  0.79539576  0.79580377  0.79623330
      0.79670225  0.79723568  0.79786573  0.79863038  0.79957067  0.80072655
      0.80213199  0.80381019  0.80577020  0.80800573  0.81049653  0.81321184
      0.81611461  0.81916536  0.82232435  0.82555105  0.82879989  0.83201365
      0.83511867  0.83802416  0.84061777  0.84275146  0.84422684  0.84478331
      0.84408273  0.84168845  0.83704005  0.82942523  0.81795185  0.80152598
      0.77884664  0.74843234  0.70869711  0.65809533  0.59537193  0.52002684
      0.43324210  0.33952550  0.24715199  0.16037180  0.08254019  0.03045955
      0.00670300  0.00006632 -0.00023287  0.00021569  0.00025203  0.00015010
      0.00007297  0.00003143  0.00001194  0.00000386  0.00000100  0.00000019
      0.00000003  0.00000000  0.00000000  0.00000000  0.00000000  0.00000000
      0.00000000  0.00000000  0.00000000  0.00000000  0.00000000  0.00000000
      0.00000000  0.00000000
non-local potential: l,potential*integration weight
  1   0.77817286  0.77740024  0.77654692  0.77560319  0.77455839  0.77340108
      0.77211929  0.77070105  0.76913505  0.76741166  0.76552404  0.76346945
      0.76125036  0.75887521  0.75635826  0.75371821  0.75097540  0.74814761
      0.74524509  0.74226579  0.73919198  0.73598912  0.73260739  0.72898529
      0.72505429  0.72074307  0.71598039  0.71069588  0.70481820  0.69827168
      0.69097400  0.68283645  0.67376315  0.66364636  0.65236302  0.63977478
      0.62572842  0.61005619  0.59257641  0.57309522  0.55140960  0.52731218
      0.50059906  0.47108050  0.43859184  0.40299709  0.36418172  0.32207688
      0.27689000  0.22989923  0.18395087  0.13827535  0.09073908  0.05221867
      0.02735294  0.01277374  0.00515564  0.00180322  0.00057961  0.00019521
      0.00007640  0.00003154  0.00001194  0.00000386  0.00000100  0.00000019
      0.00000003  0.00000000  0.00000000  0.00000000  0.00000000  0.00000000
      0.00000000  0.00000000  0.00000000  0.00000000  0.00000000  0.00000000
      0.00000000  0.00000000
non-local potential: l,potential*integration weight
  2   0.76912150  0.76760675  0.76595028  0.76413732  0.76215174  0.75997614
      0.75759211  0.75498067  0.75212294  0.74900101  0.74559909  0.74190468
      0.73790967  0.73361098  0.72901030  0.72411268  0.71892357  0.71344449
      0.70766799  0.70157269  0.69511970  0.68825139  0.68089270  0.67295452
      0.66433807  0.65493899  0.64464987  0.63336088  0.62095779  0.60731858
      0.59231097  0.57579252  0.55760996  0.53759553  0.51556511  0.49132052
      0.46465378  0.43535337  0.40321407  0.36805232  0.32972900  0.28818284
      0.24347833  0.19587209  0.14589934  0.09447627  0.04301278 -0.00644446
     -0.05093042 -0.08591183 -0.10520305 -0.10682550 -0.09345241 -0.06169428
     -0.02082920  0.00992786  0.01975432  0.01381332  0.00525699  0.00110801
      0.00015516  0.00003395  0.00001195  0.00000386  0.00000100  0.00000019
      0.00000003  0.00000000  0.00000000  0.00000000  0.00000000  0.00000000
      0.00000000  0.00000000  0.00000000  0.00000000  0.00000000  0.00000000
      0.00000000  0.00000000

 For atom type  5, l= 2 potential used as local nuclear potential
number of radial functions  **** P /pbe   - by Peter Schultz / 29Sep05 ****
  5
angular momentum, number of alphas
  0  4
alphas - s - 4s/2/4s444 Eopt + check(c1)
   1.28870000D-01  3.45430000D-01  1.62562100D+00  3.25130000D+00
wave function coefficients
   2.92671000D-01  7.38220000D-01 -1.26921800D+00  4.98262000D-01
angular momentum, number of alphas
  1  4
alphas - p - 4p/2/4p466 Eopt + reopt(c1)
   9.59990000D-02  2.83991000D-01  7.14882000D-01  1.42980000D+00
wave function coefficients
   5.29800000D-02  3.08537000D-01  3.90265000D-01 -2.95490000D-01
angular momentum, number of alphas
  0  1
alphas - s - second zeta s polarization
   1.28870000D-01
wave function coefficients
   1.00000000D+00
angular momentum, number of alphas
  1  1
alphas - p - second zeta p polarization
   9.59990000D-02
wave function coefficients
   1.00000000D+00
angular momentum, number of alphas
  2  2
alphas - d - angular polarization (dzp Eopt)
   2.20000000D-01  8.40000000D-01
wave function coefficients
   1.28980000D-01  1.00000000D+00
shell occupancies for phosphorus, P: s(2)p(3)
      2.00000000  3.00000000  0.00000000  0.00000000  0.00000000
end atom file
atom file
 Si = Si.atm
>>>>> atom type name=Si          
type number, label:
  6 Si                     
notes5
 notes for this atom file:
 Constructed by Peter A. Schultz, 27-July-2009
 Hamann-type ppot [D.R. Hamann,  PRB 40, 2980 (1989)]
 generated by fhi98PP [M.Fuchs,M.Scheffler, Comput.Phys.Commun. 119,67(1999)]
 ppot: s2p2, l=2, Rd=def, Rpc=NONE; def: Rs=1.05, Rp=1.28, Rd=1.28
 basis: refined in 4l-Si111 slab, d-fcn in Si_i[0]:Si(110-split)
energy - Td 2-atm-fcc/24^3/k12^3/uc  3p/-7.876267, 4p/-7.876617
  -7.87661700D+00
effective nuclear charge (s2p2 to 11.0)
   4.00000000D+00
pseudopotentials: Lmax, and effective gaussian range
  2   0.86000000
functional type used in generating potential:
 PBE    = dft fcnal used to generate pot
radial mesh: number of points for local and non-local pot integrals
 100  83
mesh points for nuclear potential;  ham1fh
      0.02500000  0.02658530  0.02827113  0.03006385  0.03197026  0.03399756
      0.03615341  0.03844597  0.04088390  0.04347643  0.04623336  0.04916511
      0.05228276  0.05559811  0.05912370  0.06287285  0.06685974  0.07109945
      0.07560800  0.08040246  0.08550093  0.09092272  0.09668830  0.10281950
      0.10933949  0.11627292  0.12364601  0.13148665  0.13982447  0.14869102
      0.15811981  0.16814650  0.17880900  0.19014762  0.20220526  0.21502749
      0.22866281  0.24316277  0.25858219  0.27497940  0.29241638  0.31095908
      0.33067761  0.35164652  0.37394512  0.39765771  0.42287397  0.44968924
      0.47820492  0.50852883  0.54077564  0.57506729  0.61153343  0.65031197
      0.69154953  0.73540204  0.78203533  0.83162573  0.88436075  0.94043980
      1.00007493  1.06349165  1.13092974  1.20264422  1.27890625  1.36000421
      1.44624475  1.53795397  1.63547865  1.73918756  1.84947286  1.96675157
      2.09146715  2.22409119  2.36512518  2.51510242  2.67459000  2.84419100
      3.02454674  3.21633919  3.42029358  3.63718111  3.86782191  4.11308809
      4.37390709  4.65126513  4.94621098  5.25985994  5.59339799  5.94808634
      6.32526618  6.72636373  7.15289567  7.60647483  8.08881634  8.60174407
      9.14719756  9.72723932 10.34406267 11.00000000
radwts: weights for radial points
      0.00153706  0.00163453  0.00173818  0.00184840  0.00196561  0.00209026
      0.00222280  0.00236376  0.00251365  0.00267304  0.00284255  0.00302280
      0.00321448  0.00341832  0.00363508  0.00386558  0.00411071  0.00437138
      0.00464857  0.00494335  0.00525682  0.00559016  0.00594465  0.00632161
      0.00672247  0.00714876  0.00760207  0.00808414  0.00859677  0.00914191
      0.00972161  0.01033808  0.01099364  0.01169077  0.01243210  0.01322044
      0.01405878  0.01495027  0.01589830  0.01690644  0.01797851  0.01911856
      0.02033091  0.02162013  0.02299111  0.02444902  0.02599938  0.02764805
      0.02940127  0.03126566  0.03324828  0.03535662  0.03759865  0.03998285
      0.04251824  0.04521441  0.04808154  0.05113049  0.05437277  0.05782066
      0.06148718  0.06538620  0.06953247  0.07394166  0.07863045  0.08361656
      0.08891885  0.09455737  0.10055344  0.10692973  0.11371035  0.12092095
      0.12858878  0.13674285  0.14541398  0.15463497  0.16444067  0.17486818
      0.18595692  0.19774881  0.21028845  0.22362325  0.23780364  0.25288324
      0.26891906  0.28597175  0.30410578  0.32338972  0.34389650  0.36570365
      0.38889364  0.41355415  0.43977843  0.46766564  0.49732124  0.52885736
      0.56239324  0.59805570  0.63597959  0.67630830
non-local potential: l,potential*integration weight
  0   0.49635482  0.49662152  0.49690159  0.49719521  0.49750252  0.49782355
      0.49815820  0.49850629  0.49886754  0.49924155  0.49962789  0.50002614
      0.50043594  0.50085717  0.50129009  0.50173553  0.50219518  0.50267186
      0.50316976  0.50369477  0.50425460  0.50485886  0.50551887  0.50624734
      0.50705767  0.50796308  0.50897559  0.51010488  0.51135727  0.51273497
      0.51423566  0.51585233  0.51757344  0.51938280  0.52125941  0.52317743
      0.52510704  0.52701586  0.52886906  0.53062693  0.53224159  0.53365449
      0.53479419  0.53557339  0.53588492  0.53559700  0.53454789  0.53254023
      0.52933536  0.52464807  0.51814288  0.50943301  0.49808374  0.48362184
      0.46555234  0.44338360  0.41666231  0.38502462  0.34828168  0.30657281
      0.26063374  0.21221421  0.16437910  0.12024310  0.07999860  0.04427474
      0.01844335  0.00465239 -0.00036131 -0.00096993 -0.00031637  0.00016928
      0.00027794  0.00021562  0.00013412  0.00007560  0.00003973  0.00001938
      0.00000862  0.00000339  0.00000111  0.00000026  0.00000002  0.00000000
      0.00000000  0.00000000  0.00000000  0.00000000  0.00000000  0.00000000
      0.00000000  0.00000000  0.00000000  0.00000000  0.00000000  0.00000000
      0.00000000  0.00000000  0.00000000  0.00000000
non-local potential: l,potential*integration weight
  1   0.48556431  0.48514567  0.48469678  0.48421506  0.48369769  0.48314152
      0.48254315  0.48189881  0.48120444  0.48045563  0.47964766  0.47877556
      0.47783416  0.47681823  0.47572256  0.47454227  0.47327292  0.47191088
      0.47045353  0.46889955  0.46724907  0.46550371  0.46366644  0.46174118
      0.45973220  0.45764326  0.45547655  0.45323166  0.45090466  0.44848733
      0.44596688  0.44332602  0.44054332  0.43759376  0.43444924  0.43107925
      0.42745179  0.42353460  0.41929566  0.41470273  0.40972242  0.40431979
      0.39845820  0.39209919  0.38520225  0.37772467  0.36962163  0.36084655
      0.35135191  0.34109042  0.33001685  0.31809044  0.30527765  0.29155478
      0.27690886  0.26133454  0.24482443  0.22735249  0.20885783  0.18925125
      0.16849304  0.14682249  0.12507799  0.10415181  0.08294995  0.06051852
      0.04024720  0.02486409  0.01409900  0.00703714  0.00292197  0.00095112
      0.00025189  0.00009925  0.00008107  0.00006269  0.00003796  0.00001925
      0.00000861  0.00000339  0.00000111  0.00000026  0.00000002  0.00000000
      0.00000000  0.00000000  0.00000000  0.00000000  0.00000000  0.00000000
      0.00000000  0.00000000  0.00000000  0.00000000  0.00000000  0.00000000
      0.00000000  0.00000000  0.00000000  0.00000000
non-local potential: l,potential*integration weight
  2   0.48036980  0.47962095  0.47882078  0.47796536  0.47705040  0.47607124
      0.47502280  0.47389958  0.47269564  0.47140457  0.47001952  0.46853325
      0.46693815  0.46522637  0.46338997  0.46142106  0.45931204  0.45705587
      0.45464629  0.45207809  0.44934720  0.44645076  0.44338693  0.44015448
      0.43675212  0.43317764  0.42942683  0.42549239  0.42136296  0.41702233
      0.41244910  0.40761669  0.40249369  0.39704433  0.39122901  0.38500492
      0.37832689  0.37114845  0.36342235  0.35510010  0.34613118  0.33646273
      0.32603960  0.31480447  0.30269811  0.28965997  0.27562924  0.26054668
      0.24435740  0.22701482  0.20848620  0.18876007  0.16785573  0.14583465
      0.12281305  0.09897388  0.07457621  0.04996154  0.02556215  0.00192844
     -0.02018704 -0.03962357 -0.05454960 -0.06305460 -0.06532168 -0.06222653
     -0.05190617 -0.03470137 -0.01524675  0.00085249  0.00980919  0.01124245
      0.00800936  0.00395947  0.00136711  0.00033609  0.00007208  0.00002149
      0.00000868  0.00000339  0.00000111  0.00000026  0.00000002  0.00000000
      0.00000000  0.00000000  0.00000000  0.00000000  0.00000000  0.00000000
      0.00000000  0.00000000  0.00000000  0.00000000  0.00000000  0.00000000
      0.00000000  0.00000000  0.00000000  0.00000000

 For atom type  6, l= 2 potential used as local nuclear potential
number of radial functions  **** Si/pbe   - by Peter Schultz / 28Jul09 ****
  5
angular momentum, number of alphas
  0  4
alphas - s - 4s/2/4s442
   1.04272000D-01  2.75189000D-01  1.27139800D+00  2.54280000D+00
wave function coefficients
   2.72301000D-01  5.67333000D-01 -1.00198900D+00  3.81459000D-01
angular momentum, number of alphas
  1  4
alphas - p - 4p/2/4p475 a1max + reopt(c1)
   7.31200000D-02  2.15660000D-01  5.30398000D-01  1.06080000D+00
wave function coefficients
   3.40890000D-02  2.10226000D-01  2.41205000D-01 -1.67987000D-01
angular momentum, number of alphas
  0  1
alphas - s - second zeta s polarization
   1.04272000D-01
wave function coefficients
   1.00000000D+00
angular momentum, number of alphas
  1  1
alphas - p - second zeta p polarization
   7.31200000D-02
wave function coefficients
   1.00000000D+00
angular momentum, number of alphas
  2  2
alphas - d - angular polarization Eopt
   2.60000000D-01  7.40000000D-01
wave function coefficients
   3.47500000D-01  1.00000000D+00
shell occupancies for silicon, Si: s(2.00)p(2.00)
      2.00000000  2.00000000  0.00000000  0.00000000  0.00000000
end atom file
 ionopt (0=none,2=gaussian lmcc,3=dble layer):
    2
 charge state for system
   0.00000000
number of atoms in unit cell
   63
atom, type, position;
 AT1          O                -3.1254957158    1.1981582208    4.7775531773    
 AT2          Si               -0.1828126464    1.1744642218    5.9774370635    
 AT3          Si               -6.1741257968    1.1422186912    5.6695746982    
 AT4          C                 0.2479338372    4.0177277761    8.1015147983    
 AT5          C                 0.4492657271   -1.7832271932    7.8368187470    
 AT6          C                -7.0295862408    4.1546692634    7.3630923649    
 AT7          C                -6.7780126005   -1.6700755858    7.7641792370    
 AT8          C                 2.0880455856    1.6093992178    3.3064576260    
 AT9          C                 4.8153242899    1.3388298143    3.5495801601    
 AT10         C                -8.0216022027    0.8133501130    2.6626903440    
 AT11         C               -10.5519717689    0.7032269200    2.5438438651    
 AT12         H                -0.1371160048    5.7911008357    7.0867307553    
 AT13         H                 2.1998298591    4.0806172444    8.8205425426    
 AT14         H                -1.0264791559    3.9221481972    9.7462941399    
 AT15         H                 0.1252487139   -3.4779335739    6.6891189832    
 AT16         H                -0.7709776263   -1.9101695921    9.5105753026    
 AT17         H                 2.4239485314   -1.8267610427    8.4851562507    
 AT18         H                -6.7321588697    5.8186290460    6.1580367134    
 AT19         H                -5.8897867345    4.3759843691    9.0907371017    
 AT20         H                -9.0339474117    4.1145837568    7.9267529845    
 AT21         H                -6.1434850291   -3.4068877140    6.8118602950    
 AT22         H                -8.8013219393   -1.8990694876    8.1971101128    
 AT23         H                -5.7648031805   -1.5107129824    9.5702836327    
 AT24         H                 1.3573410463    2.6848756828    1.6840503772    
 AT25         H                 5.8943862734    2.5108929922    4.8871668216    
 AT26         H                 5.8587028736   -0.0601023082    2.4829027455    
 AT27         H                -6.9787824088    0.7340100531    0.8780227611    
 AT28         H               -11.7483432179    0.7677932651    4.2326107498    
 AT29         H               -11.5645275426    0.4953374621    0.7528892010    
 AT30         Si                2.5396546537   -2.3562778580   -3.7181131557    
 AT31         O                -0.0092712348   -1.1897388809   -5.1246095712    
 AT32         O                 4.9728942023   -0.5594347282   -4.5084652797    
 AT33         Si                8.1184445716   -0.1687016877   -4.6990363189    
 AT34         Si               -3.0740217937   -0.4180065767   -4.7038588662    
 AT35         C                -3.2927536536    2.6671568541   -2.9604286544    
 AT36         C                -4.6388415955   -3.0300630186   -2.8715088573    
 AT37         C                 3.0761516250   -5.6689744438   -4.7839304574    
 AT38         H                 2.2201525845   -2.2470624606   -0.9135358937    
 AT39         C                 9.7337375847   -2.6904734427   -2.7787588087    
 AT40         C                 8.8842772676    3.0590048765   -3.4392252027    
 AT41         C                 9.0084121124   -0.4121148792   -8.1201743866    
 AT42         C                -4.4579457826   -0.1108476550   -7.9585503743    
 AT43         H                -2.5445119435    2.5379233819   -1.0293481482    
 AT44         H                -5.2571886453    3.3412758050   -2.8417941340    
 AT45         H                -2.2125891674    4.1122298531   -3.9865742381    
 AT46         H                -3.7612854714   -3.1743737021   -0.9947557702    
 AT47         H                -4.3758413151   -4.8618577101   -3.8207004275    
 AT48         H                -6.6793769205   -2.7459637503   -2.5896141782    
 AT49         H                 4.7206295847   -6.4934212520   -3.8170068682    
 AT50         H                 3.3853928684   -5.7609468336   -6.8315526594    
 AT51         H                 1.4125780113   -6.8259143438   -4.3309675617    
 AT52         H                 9.1723931725   -2.5600638752   -0.7824536842    
 AT53         H                11.8044797341   -2.5298880652   -2.8659010395    
 AT54         H                 9.2126493558   -4.5874294162   -3.4581586109    
 AT55         H                 8.2303763215    3.2520838758   -1.4742091377    
 AT56         H                 7.9543179992    4.5323181933   -4.5789136096    
 AT57         H                10.9313483297    3.4273380157   -3.4707000658    
 AT58         H                 8.5048314357   -2.2680368855   -8.8932127367    
 AT59         H                11.0440237490   -0.1291994956   -8.4057154038    
 AT60         H                 7.9936367720    1.0379713156   -9.2074466495    
 AT61         H                -3.4396747621    1.3082473763   -9.0881822227    
 AT62         H                -6.4581383206    0.4483999151   -7.8965373349    
 AT63         H                -4.3395926924   -1.9317295967   -8.9488887834    
 origin offset for unit cell
   0.00000000  0.00000000  0.00000000
 symmetry center
   0.00000000  0.00000000  0.00000000
end setup phase data
 >>>> Total number of electrons=             138.0000000000
 >>>> Spin!  Number of up/dn electrons=       70.0000000000       68.0000000000
 >>>> Minimum number of occupied states=          70
 >>>> Number of basis functions, norb=         539
 ************** VERSION 2.65 CHANGE: ***************
 **** grid range default changed from 2.d-7 to 2.d-8
 **** This will cause numerical changes in results
 **** To recover pre-2.65, use input cutgrd/2.d-7
 ***************************************************
run phase input data
history
    8
no ges
states
  100
temperature
   0.00200000
iterations
  300
blend ratio
   0.05000000
convergence criterion
   0.05000000
geometry relaxation
gsteps
  100
gmethod
ASD
end geometry relaxation

 >>>> Relax params (gstop,gblend,gconv,atoms-relaxd):
 >>>>    100  1.5000000  0.000800000000     63

end run phase data
cutXXX for code (grd,slo,ii,1c)
   2.00000000D-08  1.00000000D-01  1.00000000D-02  1.00000000D-04
cutall for code (s,t,nl,loc;frc)
   3.00000000D-09  3.00000000D-09  1.50000000D-07  6.00000000D-08
   3.00000000D-07  3.00000000D-07  5.00000000D-06  6.00000000D-06

 ##### output #####

 ***** NEB Module invoked *****
 ------------------------------------------------------------------------
    ***** NEB module for transition state finding *****
    Written by Aidan Thompson, adapted by PAS for SeqQuest
    Based on the NEB method of Hannes Jonnson

    NEB Version: 1.10         Last revised: 19Nov08-PAS
    Maximum number of NEB images =    12
 ------------------------------------------------------------------------

 This node is the NEB master
 NEB output file= neb_out
 >>>>> reading NEB input data
 MPINFO::: NEB Group =    1           :::

 ###############################################################################
 INITIAL GEOMETRY for image  1, step   1
atom, type, position; image#   1
 AT1          O                -2.7365544056    1.2473965096    3.8282544505 
 AT2          Si                0.2343928480    1.2401728419    5.0008221393 
 AT3          Si               -5.6421747899    0.8553443551    5.0451564363 
 AT4          C                 0.4033936068    3.4051239911    7.8389508668 
 AT5          C                 1.1055081939   -2.0976714794    5.9372473069 
 AT6          C                -6.5353318456    3.7031319786    6.9746936084 
 AT7          C                -5.7649296229   -2.1002015109    7.0222011993 
 AT8          C                 2.3080039548    2.3959660021    2.5714219575 
 AT9          C                 5.1903385346    1.6501273869    2.5175291945 
 AT10         C                -7.8879184377    0.5511354497    2.3135228657 
 AT11         C               -10.1811633371   -0.5119304184    2.4636907368 
 AT12         H                -0.2634155770    5.2992097915    7.3110179350 
 AT13         H                 2.3752043625    3.5797398510    8.4611432677 
 AT14         H                -0.7310625328    2.7283675789    9.4452862175 
 AT15         H                 0.9259859406   -3.3679718913    4.3050807157 
 AT16         H                -0.1258943157   -2.8092542681    7.4491273603 
 AT17         H                 3.0688328824   -2.1988087712    6.6179598707 
 AT18         H                -6.4448234437    5.4246571853    5.8150109526 
 AT19         H                -5.2736632576    3.9609063615    8.6022551435 
 AT20         H                -8.4815432166    3.5097362375    7.6763315522 
 AT21         H                -5.0433279415   -3.7263680571    5.9382677130 
 AT22         H                -7.7100885460   -2.5313955522    7.5916876873 
 AT23         H                -4.6319006636   -1.9167739657    8.7532717569 
 AT24         H                 1.8380545246    3.8016487298    1.2111089782 
 AT25         H                 5.8092798195    0.2267449277    3.7634457012 
 AT26         H                 6.3959707354    2.6345217958    1.2874210191 
 AT27         H                -7.3247861426    1.3696303463    0.4954483160 
 AT28         H               -10.8916401133   -1.3703161245    4.2030149406 
 AT29         H               -11.4713327050   -0.5895673857    0.8454086629 
 AT30         Si                1.9333068593   -1.5952690688   -2.9096346448 
 AT31         O                -0.2639633415   -1.0849004816   -5.1053292170 
 AT32         O                 4.5449704741   -0.0557837169   -3.7134840387 
 AT33         Si                7.6703903805   -0.4279050947   -4.1786362224 
 AT34         Si               -3.3742002542   -0.2963814642   -4.9350133175 
 AT35         C                -3.6797521734    2.7982966696   -3.2215680155 
 AT36         C                -5.0804045502   -2.9026475896   -3.2227281692 
 AT37         C                 2.4730078867   -5.0659390701   -2.5458455412 
 AT38         H                 1.0219714941   -0.4530875255   -0.4382353713 
 AT39         C                 8.9277914288   -3.0759910060   -2.1611267302 
 AT40         C                 9.3027473056    2.6096789478   -3.3337131086 
 AT41         C                 8.1273036282   -1.1034005047   -7.6335128710 
 AT42         C                -4.5027568117    0.0242213389   -8.2773762091 
 AT43         H                -3.0808204517    2.6225682887   -1.2388272430 
 AT44         H                -5.6379546991    3.4860890777   -3.2490076277 
 AT45         H                -2.4897886350    4.2407237560   -4.1296864362 
 AT46         H                -4.4503554169   -3.0201080387   -1.2463849218 
 AT47         H                -4.7038470120   -4.7359448855   -4.1300247544 
 AT48         H                -7.1353374976   -2.6079746635   -3.1977178982 
 AT49         H                 3.7659118285   -5.4502878598   -0.9711880298 
 AT50         H                 3.2837194301   -5.8683928576   -4.2841552925 
 AT51         H                 0.6702933639   -6.0243770883   -2.1733473459 
 AT52         H                 8.4582384967   -2.7566156302   -0.1599214838 
 AT53         H                10.9968032050   -3.1868824286   -2.3128509658 
 AT54         H                 8.1506030753   -4.9181525805   -2.7201936387 
 AT55         H                 9.4086937537    2.9124786627   -1.2834084459 
 AT56         H                 8.3257844608    4.2440264251   -4.1720118638 
 AT57         H                11.2503014009    2.5914861010   -4.0565945069 
 AT58         H                 7.0696150675   -2.8043519978   -8.2034689078 
 AT59         H                10.1260436513   -1.3931236326   -8.1063302535 
 AT60         H                 7.4151861011    0.4829611736   -8.7727158104 
 AT61         H                -3.4587960784    1.5327751729   -9.2561202888 
 AT62         H                -6.5233760932    0.4998101995   -8.3302496014 
 AT63         H                -4.2291216968   -1.7405901571   -9.3411068642 
 ###############################################################################
 MPINFO::: Local Communicator         :::
 MPINFO::: Local Context =    3       :::
 MPINFO::: Local Size =      10       :::
 MPINFO::: Local Root =       0       :::
 MPINFO::: Local Rank =       0       :::
 Maximum record length (r8) for i/o=     1000000
 Flavor of dft that will be used for this run=PBE-SP
 ***** Note: basis transformed to split basis form
  
 LATVEC: nlat1c,nlat2c,nlat =           1           1           1

  Atom
  Type  Shell  Min-alf     range
    1        0.129289   8.279963
    2        0.102474   9.300415
    3        0.143749   7.852478
    4        0.078997  10.592631
    5        0.095999   9.608947
    6        0.073120  11.010095
 Turnover EF->DM npopdm, npop0k=          87          70
 DEV264h/wkmem: perlsolv dist-mem
 DEV/wkmem: KPSTORE= F
 DEV/wkmem: psolv version, input do_psolv= F

 Need       24625-length r*4 array to pack grid wfcns/box
 Need     3051125-length r*4 array to pack all grid wfcns
 Need       24626-length r*4 array for grid wfcns scratch
 WKMEM: using stripe-parallel+Merge  setup
 Minimum maxwkd for scf to complete=    84027785
 All grid wfcns stored in   1525563 of 147971815 available
 WKMEM: in-core Broyden! uses   1045890 out of 146446252 available
  
 Atom type   1  radial valence charge =    5.999995363882
 Atom type   1      xc valence charge =    6.499995360087
  
 Atom type   2  radial valence charge =    0.999999985299
  
 Atom type   3  radial valence charge =    3.999996877569
  
 Atom type   4  radial valence charge =    9.999999976019
  
 Atom type   5  radial valence charge =    4.999999641069
  
 Atom type   6  radial valence charge =    3.999999473876
 mat0set: stripe-parallel, KPSTORE= F

   sij compute    +    0.55 =       1.5 seconds wall (    0.03 usr    0.02 sys)

   sij/nlat-bcast +    0.00 =       1.5 seconds wall (    0.00 usr    0.00 sys)

   vlocmat compute+    0.48 =       2.0 seconds wall (    0.47 usr    0.00 sys)

   vlocmii compute+    0.02 =       2.0 seconds wall (    0.02 usr    0.00 sys)

   nlocmat compute+    0.23 =       2.3 seconds wall (    0.23 usr    0.00 sys)
 NLOCMAT: Max neqilat=           1

 After mat0set    +    0.03 =       2.3 seconds wall (    0.01 usr    0.00 sys)

 grid0xc compute+    2.21 =       4.5 seconds wall (    1.88 usr    0.32 sys)

 grid0xc Merge  +    0.10 =       4.6 seconds wall (    0.01 usr    0.09 sys)

 grid0xc Bcast  +   11.66 =      16.3 seconds wall (    0.81 usr    7.65 sys)


 AFTER SETUP PHASE+    3.27 =      19.6 seconds wall (    0.41 usr    0.91 sys)

  
 *************************  iteration   0 begins here  *************************


 Before iterations+    0.14 =      19.7 seconds wall (    0.13 usr    0.01 sys)
  
 grid-integrated up-density total =       68.9994575943
 grid-integrated dn-density total =       68.9994575943
 grid-integrated valence-density total =      137.9989151885
 Harris Fcnal XC piece=       33.3501403821
  
  

 After 0 iteration+    1.68 =      21.4 seconds wall (    1.52 usr    0.16 sys)
 *************************  iteration   1 begins here  *************************


 erlsolv/begin  +    0.01 =      21.4 seconds wall (    0.00 usr    0.00 sys)
 PERLSOLV: kpp-copmatible version

 erlsolv/schroed+    0.07 =      21.5 seconds wall (    0.06 usr    0.02 sys)

 erlsolv/pop    +    0.00 =      21.5 seconds wall (    0.00 usr    0.00 sys)

 erlsolv/dmat compute+    0.01 =      21.5 seconds wall (    0.00 usr    0.00 sys)

 erlsolv/dmat compute+    0.01 =      21.5 seconds wall (    0.00 usr    0.01 sys)

 erlsolv/rhoij  +    0.01 =      21.5 seconds wall (    0.00 usr    0.01 sys)

 spin-up fermi level =   -0.224821 Ry,   gap(0K)= 0.067589 Ry = 0.920 eV
 spin-dn fermi level =   -0.549428 Ry,   gap(0K)= 0.093134 Ry = 1.267 eV

 k-vector:                  1
  weight:               1.000000
            level/UP/occup       level/DN/occup
  
    1    -1.897807  1.0000    -1.897807  1.0000
    2    -1.877421  1.0000    -1.877421  1.0000
    3    -1.864310  1.0000    -1.864310  1.0000
    4    -1.525919  1.0000    -1.525919  1.0000
             ...      ...         ...      ...
   51    -0.773280  1.0000    -0.773280  1.0000
   52    -0.759238  1.0000    -0.759238  1.0000
   53    -0.753902  1.0000    -0.753902  1.0000
   54    -0.732425  1.0000    -0.732425  1.0000
   55    -0.724123  1.0000    -0.724123  1.0000
   56    -0.716928  1.0000    -0.716928  1.0000
   57    -0.705269  1.0000    -0.705269  1.0000
   58    -0.701583  1.0000    -0.701583  1.0000
   59    -0.672787  1.0000    -0.672787  1.0000
   60    -0.657905  1.0000    -0.657905  1.0000
   61    -0.651512  1.0000    -0.651512  1.0000
   62    -0.635809  1.0000    -0.635809  1.0000
   63    -0.631950  1.0000    -0.631950  1.0000
   64    -0.629597  1.0000    -0.629597  1.0000
   65    -0.620184  1.0000    -0.620184  1.0000
   66    -0.610668  1.0000    -0.610668  1.0000
   67    -0.597787  1.0000    -0.597787  1.0000
   68    -0.595995  1.0000    -0.595995  1.0000
   69    -0.502861  1.0000    -0.502861  0.0000
   70    -0.258616  1.0000    -0.258616  0.0000
   71    -0.191027  0.0000    -0.191027  0.0000
   72    -0.043890  0.0000    -0.043890  0.0000
   73    -0.040999  0.0000    -0.040999  0.0000
   74    -0.025874  0.0000    -0.025874  0.0000
   75    -0.019344  0.0000    -0.019344  0.0000
   76    -0.010121  0.0000    -0.010121  0.0000
   77     0.006301  0.0000     0.006301  0.0000
   78     0.014895  0.0000     0.014895  0.0000
             ...      ...         ...      ...
  100     0.137518  0.0000     0.137518  0.0000
  
 delta movement in up-elecs =       10.8978585782
 delta movement in dn-elecs =       10.7242353685
 delta movement in electrons =       20.4917679624

 one-center local charge defect =         0.00036634

 one-center local charge defect =         0.00035295

 LMCC local dipole, |dip|=        1.0794722316
 Using LMCC treatment of supercell electrostatics
 DBG/LMCCINT, esns diagnostics redone
 LMCC chemical potential shift(Ry,eV)=       -0.0000018772       -0.0000255411
 LMCC esns total grid integral=        2.0717367050
  
 grid-integrated up-density total =       69.9994796468
 grid-integrated dn-density total =       67.9995144508
 grid-integrated valence-density total =      137.9989940976
  
 TOTAL single particle eigenvalue sum=      -131.4882461886
  
 rms,max scfchange=  1.3175D-02  4.5346D-01 for component#    313202
 electronic meth_bl(BROYDEN)=           1
 EBROYDDJ: in-core history
>>>>> Broyden: first step (elec) simple blend ratio= 0.050000
<<<<< Broyden step complete, scf step=     1

 After blending   +   19.09 =      40.6 seconds wall (    4.95 usr    3.33 sys)
  
 *************************  iteration   2 begins here  *************************


 erlsolv/begin  +    0.03 =      40.6 seconds wall (    0.00 usr    0.00 sys)
 PERLSOLV: kpp-copmatible version

 erlsolv/schroed+    0.10 =      40.7 seconds wall (    0.09 usr    0.01 sys)

 erlsolv/pop    +    0.00 =      40.7 seconds wall (    0.00 usr    0.00 sys)

 erlsolv/dmat compute+    0.00 =      40.7 seconds wall (    0.00 usr    0.00 sys)

 erlsolv/dmat compute+    0.02 =      40.7 seconds wall (    0.01 usr    0.00 sys)

 erlsolv/rhoij  +    0.02 =      40.7 seconds wall (    0.00 usr    0.01 sys)

 spin-up fermi level =   -0.214878 Ry,   gap(0K)= 0.071420 Ry = 0.972 eV
 spin-dn fermi level =   -0.534043 Ry,   gap(0K)= 0.093398 Ry = 1.271 eV
  
 delta movement in up-elecs =       10.4791343481
 delta movement in dn-elecs =       10.3223865399
 delta movement in electrons =       19.6591212179

 one-center local charge defect =         0.00036869

 one-center local charge defect =         0.00035691

 LMCC local dipole, |dip|=        0.9624484280
 Using LMCC treatment of supercell electrostatics
 DBG/LMCCINT, esns diagnostics redone
 LMCC chemical potential shift(Ry,eV)=       -0.0000012448       -0.0000169362
 LMCC esns total grid integral=        1.8393662089
  
 grid-integrated up-density total =       69.9994753610
 grid-integrated dn-density total =       67.9995091480
 grid-integrated valence-density total =      137.9989845090
  
 TOTAL single particle eigenvalue sum=      -129.5712828915
  
 rms,max scfchange=  1.1638D-02  3.9834D-01 for component#    462242
 electronic meth_bl(BROYDEN)=           1
>>>>> Broyden blend to get next step - elec
<<<<< Broyden step complete, scf step=     2

 After blending   +   14.98 =      55.7 seconds wall (    4.00 usr    2.84 sys)
  
 *************************  iteration   3 begins here  *************************


 erlsolv/begin  +    0.02 =      55.7 seconds wall (    0.00 usr    0.00 sys)
 PERLSOLV: kpp-copmatible version

 erlsolv/schroed+    0.07 =      55.8 seconds wall (    0.06 usr    0.01 sys)

 erlsolv/pop    +    0.00 =      55.8 seconds wall (    0.00 usr    0.00 sys)

 erlsolv/dmat compute+    0.00 =      55.8 seconds wall (    0.00 usr    0.00 sys)

 erlsolv/dmat compute+    0.01 =      55.8 seconds wall (    0.00 usr    0.00 sys)

 erlsolv/rhoij  +    0.01 =      55.8 seconds wall (    0.00 usr    0.00 sys)

 spin-up fermi level =   -0.142245 Ry,   gap(0K)= 0.101524 Ry = 1.381 eV
 spin-dn fermi level =   -0.414184 Ry,   gap(0K)= 0.093019 Ry = 1.266 eV
  
 delta movement in up-elecs =        7.9449173795
 delta movement in dn-elecs =        7.9024765289
 delta movement in electrons =       14.6578704211

 one-center local charge defect =         0.00038484

 one-center local charge defect =         0.00037989

 LMCC local dipole, |dip|=        0.3555922410
 Using LMCC treatment of supercell electrostatics
 DBG/LMCCINT, esns diagnostics redone
 LMCC chemical potential shift(Ry,eV)=        0.0000005757        0.0000078332
 LMCC esns total grid integral=        0.6597093681
  
 grid-integrated up-density total =       69.9994468305
 grid-integrated dn-density total =       67.9994777659
 grid-integrated valence-density total =      137.9989245964
  
 TOTAL single particle eigenvalue sum=      -115.5774055186
  
 rms,max scfchange=  1.0035D-03  1.0301D-01 for component#    191701
 electronic meth_bl(BROYDEN)=           1
>>>>> Broyden blend to get next step - elec
<<<<< Broyden step complete, scf step=     3

 After blending   +   15.04 =      70.9 seconds wall (    4.42 usr    2.90 sys)
  
 *************************  iteration   4 begins here  *************************


 erlsolv/begin  +    0.06 =      70.9 seconds wall (    0.00 usr    0.00 sys)
 PERLSOLV: kpp-copmatible version

 erlsolv/schroed+    0.09 =      71.0 seconds wall (    0.08 usr    0.01 sys)

 erlsolv/pop    +    0.00 =      71.0 seconds wall (    0.00 usr    0.00 sys)

 erlsolv/dmat compute+    0.00 =      71.0 seconds wall (    0.00 usr   -0.00 sys)

 erlsolv/dmat compute+    0.02 =      71.0 seconds wall (    0.01 usr    0.00 sys)

 erlsolv/rhoij  +    0.01 =      71.0 seconds wall (    0.00 usr    0.00 sys)

 spin-up fermi level =   -0.144627 Ry,   gap(0K)= 0.104602 Ry = 1.423 eV
 spin-dn fermi level =   -0.414762 Ry,   gap(0K)= 0.098183 Ry = 1.336 eV
  
 delta movement in up-elecs =        7.9839230208
 delta movement in dn-elecs =        7.9408188592
 delta movement in electrons =       14.7253994678

 one-center local charge defect =         0.00038352

 one-center local charge defect =         0.00037870

 LMCC local dipole, |dip|=        0.3728614216
 Using LMCC treatment of supercell electrostatics
 DBG/LMCCINT, esns diagnostics redone
 LMCC chemical potential shift(Ry,eV)=        0.0000005056        0.0000068796
 LMCC esns total grid integral=        0.6746355437
  
 grid-integrated up-density total =       69.9994488192
 grid-integrated dn-density total =       67.9994789944
 grid-integrated valence-density total =      137.9989278135
  
 TOTAL single particle eigenvalue sum=      -115.8471350356
  
 rms,max scfchange=  8.5025D-04  9.1202D-02 for component#    191701
 electronic meth_bl(BROYDEN)=           1
>>>>> Broyden blend to get next step - elec
<<<<< Broyden step complete, scf step=     4

 After blending   +   13.88 =      84.9 seconds wall (    3.94 usr    2.81 sys)
  
 *************************  iteration   5 begins here  *************************


 erlsolv/begin  +    0.03 =      84.9 seconds wall (    0.00 usr    0.01 sys)
 PERLSOLV: kpp-copmatible version

 erlsolv/schroed+    0.07 =      85.0 seconds wall (    0.06 usr    0.01 sys)

 erlsolv/pop    +    0.00 =      85.0 seconds wall (    0.00 usr    0.00 sys)

 erlsolv/dmat compute+    0.00 =      85.0 seconds wall (    0.00 usr    0.00 sys)

 erlsolv/dmat compute+    0.02 =      85.0 seconds wall (    0.01 usr    0.00 sys)

 erlsolv/rhoij  +    0.01 =      85.0 seconds wall (    0.00 usr    0.00 sys)

 spin-up fermi level =   -0.147790 Ry,   gap(0K)= 0.121489 Ry = 1.653 eV
 spin-dn fermi level =   -0.403395 Ry,   gap(0K)= 0.118819 Ry = 1.617 eV
  
 delta movement in up-elecs =        7.9798443824
 delta movement in dn-elecs =        7.9417701059
 delta movement in electrons =       14.6795558757

 one-center local charge defect =         0.00037946

 one-center local charge defect =         0.00037562

 LMCC local dipole, |dip|=        0.4209399840
 Using LMCC treatment of supercell electrostatics
 DBG/LMCCINT, esns diagnostics redone
 LMCC chemical potential shift(Ry,eV)=        0.0000002940        0.0000040008
 LMCC esns total grid integral=        0.6676306157
  
 grid-integrated up-density total =       69.9994544655
 grid-integrated dn-density total =       67.9994817248
 grid-integrated valence-density total =      137.9989361903
  
 TOTAL single particle eigenvalue sum=      -115.5397386053
  
 rms,max scfchange=  3.8222D-04  4.0493D-02 for component#    191701
 ######################  ENERGY ANALYSIS  #######################
    Spherical-atom es ENERGY correction =      -256.3567176392
    Full spherical atom trace ENERGY =         -203.7654565685
    Spherical-atom-Vxc trace ENERGY =           220.0013163097
    non-spherical es ENERGY =                     0.6676156401
    Total Exc ENERGY =                         -114.6092350923

    total kinetic trace ENERGY =          261.5904992515
    non-local ps-pot trace ENERGY =        36.9965836857
    total electrostatic ENERGY =         -538.0403251951
    Total Vxc ENERGY =                   -148.6307150962

    TOTAL ENERGY (Rydberg) =                   -354.0624773502

 ################################################################

 After blending   +   14.36 =      99.4 seconds wall (    3.74 usr    2.60 sys)
  
 >>>>> self-consistency achieved, iteration   5


 Final GAP(eV)=  1.6530 (up),  1.6166 (dn)

 spin-up fermi level =   -0.147790 Ry,   gap(0K)= 0.121489 Ry = 1.653 eV
 spin-dn fermi level =   -0.403395 Ry,   gap(0K)= 0.118819 Ry = 1.617 eV

 k-vector:                  1
  weight:               1.000000
            level/UP/occup       level/DN/occup
  
    1    -1.781391  1.0000    -1.780358  1.0000
    2    -1.749135  1.0000    -1.748622  1.0000
    3    -1.743931  1.0000    -1.742840  1.0000
    4    -1.372028  1.0000    -1.371967  1.0000
             ...      ...         ...      ...
   51    -0.665101  1.0000    -0.663668  1.0000
   52    -0.651293  1.0000    -0.648073  1.0000
   53    -0.643142  1.0000    -0.637066  1.0000
   54    -0.613450  1.0000    -0.610942  1.0000
   55    -0.611938  1.0000    -0.608381  1.0000
   56    -0.596720  1.0000    -0.595190  1.0000
   57    -0.587910  1.0000    -0.585217  1.0000
   58    -0.582919  1.0000    -0.582403  1.0000
   59    -0.551711  1.0000    -0.544255  1.0000
   60    -0.538754  1.0000    -0.535724  1.0000
   61    -0.532393  1.0000    -0.526194  1.0000
   62    -0.504441  1.0000    -0.501038  1.0000
   63    -0.499109  1.0000    -0.498519  1.0000
   64    -0.495237  1.0000    -0.494555  1.0000
   65    -0.492638  1.0000    -0.489341  1.0000
   66    -0.484953  1.0000    -0.479942  1.0000
   67    -0.474448  1.0000    -0.470751  1.0000
   68    -0.464755  1.0000    -0.462805  1.0000
   69    -0.442072  1.0000    -0.343985  0.0000
   70    -0.208535  1.0000    -0.094117  0.0000
   71    -0.087046  0.0000    -0.086889  0.0000
   72     0.000888  0.0000     0.002443  0.0000
   73     0.018310  0.0000     0.020492  0.0000
   74     0.025679  0.0000     0.027757  0.0000
   75     0.037129  0.0000     0.039933  0.0000
   76     0.044933  0.0000     0.046985  0.0000
   77     0.067231  0.0000     0.068990  0.0000
   78     0.071660  0.0000     0.073089  0.0000
             ...      ...         ...      ...
  100     0.196183  0.0000     0.197497  0.0000
  

 IMAGE  1 CONVERGED ENERGY (Ry)=     -354.0624773502
 Binding energy =       -0.8748523502 Ry =            -11.9031 eV

 AFTER ITERATIONS +    0.02 =      99.4 seconds wall (    0.00 usr    0.00 sys)

 atom xc0frc stress term=       88.8817843543
 mat0frc: stripe-parallel, KPSTORE= F
  
 total force contributions(Ry/bohr):
        atom       x force          y force          z force
          1     -0.0057388786    -0.0097701062     0.0073384513
          2     -0.0243221011    -0.0079174919     0.0189256714
          3     -0.0029230027    -0.0013089707     0.0026049719
          4      0.0010772505    -0.0006544234     0.0001617570
          5      0.0017832981     0.0049746440    -0.0027512773
          6     -0.0013358228     0.0010743151     0.0000688793
          7      0.0001558585    -0.0015846103    -0.0001753856
          8      0.0653012655    -0.0260037623    -0.0004005666
          9     -0.0954850198     0.0168245714     0.0008464076
         10      0.0043711538     0.0016285865    -0.0009864508
         11     -0.0072839590    -0.0009584507    -0.0008300958
         12      0.0011407702    -0.0011251526     0.0014843002
         13      0.0005999107    -0.0002416617     0.0027201612
         14     -0.0002504250     0.0004648447     0.0011798464
         15      0.0009442522    -0.0019987674     0.0004942686
         16     -0.0011566551    -0.0007132575    -0.0014120972
         17     -0.0007076391    -0.0025351696     0.0005168726
         18     -0.0004441723     0.0009029584     0.0008048714
         19      0.0011302914     0.0017170431    -0.0001669799
         20     -0.0014999720    -0.0014674955    -0.0005539990
         21      0.0004285100     0.0012287028     0.0002655350
         22     -0.0015452551    -0.0013852395     0.0029102620
         23     -0.0004126619    -0.0009775947     0.0016742825
         24     -0.0158075803     0.0244826853    -0.0240028674
         25      0.0274402439    -0.0367430006     0.0261502453
         26      0.0401675688     0.0228408618    -0.0258883952
         27     -0.0010822868    -0.0005937495     0.0000706861
         28     -0.0009858784     0.0007935052    -0.0007847118
         29     -0.0005615265     0.0009883808     0.0008996882
         30      0.0007755430     0.0013159256     0.0030721648
         31      0.0025938885    -0.0020548599    -0.0053726964
         32      0.0059449312     0.0110216497     0.0069674641
         33      0.0011507734    -0.0007372900    -0.0017607086
         34      0.0027005672     0.0000174648     0.0007647204
         35      0.0011639859     0.0002579561    -0.0005169164
         36      0.0012465579     0.0011024918     0.0000828078
         37      0.0021199244    -0.0018274187    -0.0028087003
         38      0.0046021616     0.0008419648     0.0008099397
         39     -0.0012195572    -0.0002366902    -0.0001148027
         40     -0.0009902329    -0.0005655143    -0.0022134547
         41     -0.0030807803    -0.0006936601    -0.0007142141
         42      0.0016838368    -0.0002000234     0.0004187615
         43     -0.0013742438    -0.0013236432    -0.0009724202
         44     -0.0001886813    -0.0003924315     0.0011789792
         45     -0.0010634592     0.0014369805     0.0009904451
         46      0.0007407427    -0.0001434875     0.0004461825
         47      0.0006482135     0.0022783609     0.0015495173
         48      0.0013585832     0.0021371612     0.0009994734
         49      0.0002824005    -0.0024484497    -0.0007622276
         50     -0.0012554353    -0.0008380533    -0.0017535906
         51      0.0000222301    -0.0011922491    -0.0005807329
         52      0.0020181359    -0.0018214007    -0.0009716386
         53     -0.0013738611     0.0015459827     0.0010981639
         54      0.0024590046    -0.0018861085    -0.0011512770
         55      0.0013015168    -0.0026116475    -0.0032017607
         56     -0.0007876767    -0.0011641668     0.0016147566
         57     -0.0003383931    -0.0013995413    -0.0005626280
         58      0.0007656205    -0.0002432280    -0.0013255393
         59      0.0000752320     0.0006905258    -0.0004675642
         60     -0.0016918492    -0.0005667461    -0.0020385831
         61      0.0003855944     0.0000199034     0.0018694424
         62      0.0011505212    -0.0011856028     0.0017514902
         63     -0.0006295018     0.0011902448     0.0000943440
      f-defect        0.0041938308    -0.0177334057     0.0075835289

 AFTER FORCE RTNS +    1.97 =     101.4 seconds wall (    1.90 usr    0.06 sys)
